--------------- Clean Started: 03/20/2017 20:50:09 Project: fv1_controller, Configuration: ARM GCC 4.9-2015-q1-update Debug ---------------
Deleting file ".\CortexM0\ARM_GCC_493\Debug\main.o"
Deleting file ".\CortexM0\ARM_GCC_493\Debug\cyfitter_cfg.o"
Deleting file ".\CortexM0\ARM_GCC_493\Debug\cymetadata.o"
Deleting file ".\CortexM0\ARM_GCC_493\Debug\PWM.o"
Deleting file ".\CortexM0\ARM_GCC_493\Debug\PWM_PM.o"
Deleting file ".\CortexM0\ARM_GCC_493\Debug\LED_GREEN.o"
Deleting file ".\CortexM0\ARM_GCC_493\Debug\LED_GREEN_PM.o"
Deleting file ".\CortexM0\ARM_GCC_493\Debug\Clock_1.o"
Deleting file ".\CortexM0\ARM_GCC_493\Debug\Cm0Start.o"
Deleting file ".\CortexM0\ARM_GCC_493\Debug\CyBootAsmGnu.o"
Deleting file ".\CortexM0\ARM_GCC_493\Debug\CyFlash.o"
Deleting file ".\CortexM0\ARM_GCC_493\Debug\CyLib.o"
Deleting file ".\CortexM0\ARM_GCC_493\Debug\cyPm.o"
Deleting file ".\CortexM0\ARM_GCC_493\Debug\cyutils.o"
Deleting file ".\CortexM0\ARM_GCC_493\Debug\CyLFClk.o"
Deleting file ".\CortexM0\ARM_GCC_493\Debug\D3.o"
Deleting file ".\CortexM0\ARM_GCC_493\Debug\D3_PM.o"
Deleting file ".\CortexM0\ARM_GCC_493\Debug\D4.o"
Deleting file ".\CortexM0\ARM_GCC_493\Debug\D4_PM.o"
Deleting file ".\CortexM0\ARM_GCC_493\Debug\D5.o"
Deleting file ".\CortexM0\ARM_GCC_493\Debug\D5_PM.o"
Deleting file ".\CortexM0\ARM_GCC_493\Debug\S0.o"
Deleting file ".\CortexM0\ARM_GCC_493\Debug\S0_PM.o"
Deleting file ".\CortexM0\ARM_GCC_493\Debug\S1.o"
Deleting file ".\CortexM0\ARM_GCC_493\Debug\S1_PM.o"
Deleting file ".\CortexM0\ARM_GCC_493\Debug\S2.o"
Deleting file ".\CortexM0\ARM_GCC_493\Debug\S2_PM.o"
Deleting file ".\CortexM0\ARM_GCC_493\Debug\Pot.o"
Deleting file ".\CortexM0\ARM_GCC_493\Debug\Pot_PM.o"
Deleting file ".\CortexM0\ARM_GCC_493\Debug\ADC.o"
Deleting file ".\CortexM0\ARM_GCC_493\Debug\ADC_PM.o"
Deleting file ".\CortexM0\ARM_GCC_493\Debug\ADC_INT.o"
Deleting file ".\CortexM0\ARM_GCC_493\Debug\ADC_IRQ.o"
Deleting file ".\CortexM0\ARM_GCC_493\Debug\ADC_intClock.o"
Deleting file ".\CortexM0\ARM_GCC_493\Debug\PWM_1.o"
Deleting file ".\CortexM0\ARM_GCC_493\Debug\PWM_1_PM.o"
Deleting file ".\CortexM0\ARM_GCC_493\Debug\Pin_1.o"
Deleting file ".\CortexM0\ARM_GCC_493\Debug\Pin_1_PM.o"
Deleting file ".\CortexM0\ARM_GCC_493\Debug\fv1_controller.hex"
Deleting file ".\CortexM0\ARM_GCC_493\Debug\fv1_controller.elf"
Deleting file ".\CortexM0\ARM_GCC_493\Debug\fv1_controller.map"
Deleting file ".\fv1_controller.rpt"
Deleting file ".\fv1_controller_timing.html"
Deleting file ".\CortexM0\ARM_GCC_493\Debug\.deps\SOURCE_C__ARM_GCC_GENERIC.P"
Deleting file ".\CortexM0\ARM_GCC_493\Debug\.deps\SOURCE_ASM__ARM_GCC_GENERIC.P"
--------------- Clean Succeeded: 03/20/2017 20:50:10 ---------------
