ARM GAS  C:\Users\jn\AppData\Local\Temp\cc8fvpsa.s 			page 1


   1              		.cpu cortex-m0
   2              		.fpu softvfp
   3              		.eabi_attribute 20, 1
   4              		.eabi_attribute 21, 1
   5              		.eabi_attribute 23, 3
   6              		.eabi_attribute 24, 1
   7              		.eabi_attribute 25, 1
   8              		.eabi_attribute 26, 1
   9              		.eabi_attribute 30, 6
  10              		.eabi_attribute 34, 0
  11              		.eabi_attribute 18, 4
  12              		.code	16
  13              		.file	"cyfitter_cfg.c"
  14              		.text
  15              	.Ltext0:
  16              		.cfi_sections	.debug_frame
  17              		.section	.text.CYMEMZERO,"ax",%progbits
  18              		.align	2
  19              		.code	16
  20              		.thumb_func
  21              		.type	CYMEMZERO, %function
  22              	CYMEMZERO:
  23              	.LFB0:
  24              		.file 1 "Generated_Source\\PSoC4\\cyfitter_cfg.c"
   1:Generated_Source\PSoC4/cyfitter_cfg.c **** /*******************************************************************************
   2:Generated_Source\PSoC4/cyfitter_cfg.c **** * File Name: cyfitter_cfg.c
   3:Generated_Source\PSoC4/cyfitter_cfg.c **** * 
   4:Generated_Source\PSoC4/cyfitter_cfg.c **** * PSoC Creator  4.0 Update 1
   5:Generated_Source\PSoC4/cyfitter_cfg.c **** *
   6:Generated_Source\PSoC4/cyfitter_cfg.c **** * Description:
   7:Generated_Source\PSoC4/cyfitter_cfg.c **** * This file contains device initialization code.
   8:Generated_Source\PSoC4/cyfitter_cfg.c **** * Except for the user defined sections in CyClockStartupError(), this file should not be modified.
   9:Generated_Source\PSoC4/cyfitter_cfg.c **** * This file is automatically generated by PSoC Creator.
  10:Generated_Source\PSoC4/cyfitter_cfg.c **** *
  11:Generated_Source\PSoC4/cyfitter_cfg.c **** ********************************************************************************
  12:Generated_Source\PSoC4/cyfitter_cfg.c **** * Copyright (c) 2007-2016 Cypress Semiconductor.  All rights reserved.
  13:Generated_Source\PSoC4/cyfitter_cfg.c **** * You may use this file only in accordance with the license, terms, conditions, 
  14:Generated_Source\PSoC4/cyfitter_cfg.c **** * disclaimers, and limitations in the end user license agreement accompanying 
  15:Generated_Source\PSoC4/cyfitter_cfg.c **** * the software package with which this file was provided.
  16:Generated_Source\PSoC4/cyfitter_cfg.c **** ********************************************************************************/
  17:Generated_Source\PSoC4/cyfitter_cfg.c **** 
  18:Generated_Source\PSoC4/cyfitter_cfg.c **** #include <string.h>
  19:Generated_Source\PSoC4/cyfitter_cfg.c **** #include "cytypes.h"
  20:Generated_Source\PSoC4/cyfitter_cfg.c **** #include "cydevice_trm.h"
  21:Generated_Source\PSoC4/cyfitter_cfg.c **** #include "cyfitter.h"
  22:Generated_Source\PSoC4/cyfitter_cfg.c **** #include "CyLib.h"
  23:Generated_Source\PSoC4/cyfitter_cfg.c **** #include "cyfitter_cfg.h"
  24:Generated_Source\PSoC4/cyfitter_cfg.c **** #include "cyapicallbacks.h"
  25:Generated_Source\PSoC4/cyfitter_cfg.c **** 
  26:Generated_Source\PSoC4/cyfitter_cfg.c **** 
  27:Generated_Source\PSoC4/cyfitter_cfg.c **** #if defined(__GNUC__) || defined(__ARMCC_VERSION)
  28:Generated_Source\PSoC4/cyfitter_cfg.c ****     #define CYPACKED 
  29:Generated_Source\PSoC4/cyfitter_cfg.c ****     #define CYPACKED_ATTR __attribute__ ((packed))
  30:Generated_Source\PSoC4/cyfitter_cfg.c ****     #define CYALIGNED __attribute__ ((aligned))
  31:Generated_Source\PSoC4/cyfitter_cfg.c ****     #define CY_CFG_UNUSED __attribute__ ((unused))
  32:Generated_Source\PSoC4/cyfitter_cfg.c ****     #ifndef CY_CFG_SECTION
  33:Generated_Source\PSoC4/cyfitter_cfg.c ****         #define CY_CFG_SECTION __attribute__ ((section(".psocinit")))
ARM GAS  C:\Users\jn\AppData\Local\Temp\cc8fvpsa.s 			page 2


  34:Generated_Source\PSoC4/cyfitter_cfg.c ****     #endif
  35:Generated_Source\PSoC4/cyfitter_cfg.c ****     
  36:Generated_Source\PSoC4/cyfitter_cfg.c ****     #if defined(__ARMCC_VERSION)
  37:Generated_Source\PSoC4/cyfitter_cfg.c ****         #define CY_CFG_MEMORY_BARRIER() __memory_changed()
  38:Generated_Source\PSoC4/cyfitter_cfg.c ****     #else
  39:Generated_Source\PSoC4/cyfitter_cfg.c ****         #define CY_CFG_MEMORY_BARRIER() __sync_synchronize()
  40:Generated_Source\PSoC4/cyfitter_cfg.c ****     #endif
  41:Generated_Source\PSoC4/cyfitter_cfg.c ****     
  42:Generated_Source\PSoC4/cyfitter_cfg.c **** #elif defined(__ICCARM__)
  43:Generated_Source\PSoC4/cyfitter_cfg.c ****     #include <intrinsics.h>
  44:Generated_Source\PSoC4/cyfitter_cfg.c **** 
  45:Generated_Source\PSoC4/cyfitter_cfg.c ****     #define CYPACKED __packed
  46:Generated_Source\PSoC4/cyfitter_cfg.c ****     #define CYPACKED_ATTR 
  47:Generated_Source\PSoC4/cyfitter_cfg.c ****     #define CYALIGNED _Pragma("data_alignment=4")
  48:Generated_Source\PSoC4/cyfitter_cfg.c ****     #define CY_CFG_UNUSED _Pragma("diag_suppress=Pe177")
  49:Generated_Source\PSoC4/cyfitter_cfg.c ****     #define CY_CFG_SECTION _Pragma("location=\".psocinit\"")
  50:Generated_Source\PSoC4/cyfitter_cfg.c ****     
  51:Generated_Source\PSoC4/cyfitter_cfg.c ****     #define CY_CFG_MEMORY_BARRIER() __DMB()
  52:Generated_Source\PSoC4/cyfitter_cfg.c ****     
  53:Generated_Source\PSoC4/cyfitter_cfg.c **** #else
  54:Generated_Source\PSoC4/cyfitter_cfg.c ****     #error Unsupported toolchain
  55:Generated_Source\PSoC4/cyfitter_cfg.c **** #endif
  56:Generated_Source\PSoC4/cyfitter_cfg.c **** 
  57:Generated_Source\PSoC4/cyfitter_cfg.c **** 
  58:Generated_Source\PSoC4/cyfitter_cfg.c **** CY_CFG_UNUSED
  59:Generated_Source\PSoC4/cyfitter_cfg.c **** static void CYMEMZERO(void *s, size_t n);
  60:Generated_Source\PSoC4/cyfitter_cfg.c **** CY_CFG_UNUSED
  61:Generated_Source\PSoC4/cyfitter_cfg.c **** static void CYMEMZERO(void *s, size_t n)
  62:Generated_Source\PSoC4/cyfitter_cfg.c **** {
  25              		.loc 1 62 0
  26              		.cfi_startproc
  27 0000 80B5     		push	{r7, lr}
  28              		.cfi_def_cfa_offset 8
  29              		.cfi_offset 7, -8
  30              		.cfi_offset 14, -4
  31 0002 82B0     		sub	sp, sp, #8
  32              		.cfi_def_cfa_offset 16
  33 0004 00AF     		add	r7, sp, #0
  34              		.cfi_def_cfa_register 7
  35 0006 7860     		str	r0, [r7, #4]
  36 0008 3960     		str	r1, [r7]
  63:Generated_Source\PSoC4/cyfitter_cfg.c **** 	(void)memset(s, 0, n);
  37              		.loc 1 63 0
  38 000a 7A68     		ldr	r2, [r7, #4]
  39 000c 3B68     		ldr	r3, [r7]
  40 000e 101C     		mov	r0, r2
  41 0010 0021     		mov	r1, #0
  42 0012 1A1C     		mov	r2, r3
  43 0014 FFF7FEFF 		bl	memset
  64:Generated_Source\PSoC4/cyfitter_cfg.c **** }
  44              		.loc 1 64 0
  45 0018 BD46     		mov	sp, r7
  46 001a 02B0     		add	sp, sp, #8
  47              		@ sp needed
  48 001c 80BD     		pop	{r7, pc}
  49              		.cfi_endproc
  50              	.LFE0:
ARM GAS  C:\Users\jn\AppData\Local\Temp\cc8fvpsa.s 			page 3


  51              		.size	CYMEMZERO, .-CYMEMZERO
  52 001e C046     		.section	.text.CYCONFIGCPY,"ax",%progbits
  53              		.align	2
  54              		.code	16
  55              		.thumb_func
  56              		.type	CYCONFIGCPY, %function
  57              	CYCONFIGCPY:
  58              	.LFB1:
  65:Generated_Source\PSoC4/cyfitter_cfg.c **** CY_CFG_UNUSED
  66:Generated_Source\PSoC4/cyfitter_cfg.c **** static void CYCONFIGCPY(void *dest, const void *src, size_t n);
  67:Generated_Source\PSoC4/cyfitter_cfg.c **** CY_CFG_UNUSED
  68:Generated_Source\PSoC4/cyfitter_cfg.c **** static void CYCONFIGCPY(void *dest, const void *src, size_t n)
  69:Generated_Source\PSoC4/cyfitter_cfg.c **** {
  59              		.loc 1 69 0
  60              		.cfi_startproc
  61 0000 80B5     		push	{r7, lr}
  62              		.cfi_def_cfa_offset 8
  63              		.cfi_offset 7, -8
  64              		.cfi_offset 14, -4
  65 0002 84B0     		sub	sp, sp, #16
  66              		.cfi_def_cfa_offset 24
  67 0004 00AF     		add	r7, sp, #0
  68              		.cfi_def_cfa_register 7
  69 0006 F860     		str	r0, [r7, #12]
  70 0008 B960     		str	r1, [r7, #8]
  71 000a 7A60     		str	r2, [r7, #4]
  70:Generated_Source\PSoC4/cyfitter_cfg.c **** 	(void)memcpy(dest, src, n);
  72              		.loc 1 70 0
  73 000c F968     		ldr	r1, [r7, #12]
  74 000e BA68     		ldr	r2, [r7, #8]
  75 0010 7B68     		ldr	r3, [r7, #4]
  76 0012 081C     		mov	r0, r1
  77 0014 111C     		mov	r1, r2
  78 0016 1A1C     		mov	r2, r3
  79 0018 FFF7FEFF 		bl	memcpy
  71:Generated_Source\PSoC4/cyfitter_cfg.c **** }
  80              		.loc 1 71 0
  81 001c BD46     		mov	sp, r7
  82 001e 04B0     		add	sp, sp, #16
  83              		@ sp needed
  84 0020 80BD     		pop	{r7, pc}
  85              		.cfi_endproc
  86              	.LFE1:
  87              		.size	CYCONFIGCPY, .-CYCONFIGCPY
  88 0022 C046     		.section	.text.CYCONFIGCPYCODE,"ax",%progbits
  89              		.align	2
  90              		.code	16
  91              		.thumb_func
  92              		.type	CYCONFIGCPYCODE, %function
  93              	CYCONFIGCPYCODE:
  94              	.LFB2:
  72:Generated_Source\PSoC4/cyfitter_cfg.c **** CY_CFG_UNUSED
  73:Generated_Source\PSoC4/cyfitter_cfg.c **** static void CYCONFIGCPYCODE(void *dest, const void *src, size_t n);
  74:Generated_Source\PSoC4/cyfitter_cfg.c **** CY_CFG_UNUSED
  75:Generated_Source\PSoC4/cyfitter_cfg.c **** static void CYCONFIGCPYCODE(void *dest, const void *src, size_t n)
  76:Generated_Source\PSoC4/cyfitter_cfg.c **** {
  95              		.loc 1 76 0
ARM GAS  C:\Users\jn\AppData\Local\Temp\cc8fvpsa.s 			page 4


  96              		.cfi_startproc
  97 0000 80B5     		push	{r7, lr}
  98              		.cfi_def_cfa_offset 8
  99              		.cfi_offset 7, -8
 100              		.cfi_offset 14, -4
 101 0002 84B0     		sub	sp, sp, #16
 102              		.cfi_def_cfa_offset 24
 103 0004 00AF     		add	r7, sp, #0
 104              		.cfi_def_cfa_register 7
 105 0006 F860     		str	r0, [r7, #12]
 106 0008 B960     		str	r1, [r7, #8]
 107 000a 7A60     		str	r2, [r7, #4]
  77:Generated_Source\PSoC4/cyfitter_cfg.c **** 	(void)memcpy(dest, src, n);
 108              		.loc 1 77 0
 109 000c F968     		ldr	r1, [r7, #12]
 110 000e BA68     		ldr	r2, [r7, #8]
 111 0010 7B68     		ldr	r3, [r7, #4]
 112 0012 081C     		mov	r0, r1
 113 0014 111C     		mov	r1, r2
 114 0016 1A1C     		mov	r2, r3
 115 0018 FFF7FEFF 		bl	memcpy
  78:Generated_Source\PSoC4/cyfitter_cfg.c **** }
 116              		.loc 1 78 0
 117 001c BD46     		mov	sp, r7
 118 001e 04B0     		add	sp, sp, #16
 119              		@ sp needed
 120 0020 80BD     		pop	{r7, pc}
 121              		.cfi_endproc
 122              	.LFE2:
 123              		.size	CYCONFIGCPYCODE, .-CYCONFIGCPYCODE
 124 0022 C046     		.section	.text.cfg_write_bytes32,"ax",%progbits
 125              		.align	2
 126              		.code	16
 127              		.thumb_func
 128              		.type	cfg_write_bytes32, %function
 129              	cfg_write_bytes32:
 130              	.LFB3:
  79:Generated_Source\PSoC4/cyfitter_cfg.c **** 
  80:Generated_Source\PSoC4/cyfitter_cfg.c **** 
  81:Generated_Source\PSoC4/cyfitter_cfg.c **** 
  82:Generated_Source\PSoC4/cyfitter_cfg.c **** 
  83:Generated_Source\PSoC4/cyfitter_cfg.c **** /* Clock startup error codes                                                   */
  84:Generated_Source\PSoC4/cyfitter_cfg.c **** #define CYCLOCKSTART_NO_ERROR    0u
  85:Generated_Source\PSoC4/cyfitter_cfg.c **** #define CYCLOCKSTART_XTAL_ERROR  1u
  86:Generated_Source\PSoC4/cyfitter_cfg.c **** #define CYCLOCKSTART_32KHZ_ERROR 2u
  87:Generated_Source\PSoC4/cyfitter_cfg.c **** #define CYCLOCKSTART_PLL_ERROR   3u
  88:Generated_Source\PSoC4/cyfitter_cfg.c **** 
  89:Generated_Source\PSoC4/cyfitter_cfg.c **** 
  90:Generated_Source\PSoC4/cyfitter_cfg.c **** #ifdef CY_NEED_CYCLOCKSTARTUPERROR
  91:Generated_Source\PSoC4/cyfitter_cfg.c **** /*******************************************************************************
  92:Generated_Source\PSoC4/cyfitter_cfg.c **** * Function Name: CyClockStartupError
  93:Generated_Source\PSoC4/cyfitter_cfg.c **** ********************************************************************************
  94:Generated_Source\PSoC4/cyfitter_cfg.c **** * Summary:
  95:Generated_Source\PSoC4/cyfitter_cfg.c **** *  If an error is encountered during clock configuration (crystal startup error,
  96:Generated_Source\PSoC4/cyfitter_cfg.c **** *  PLL lock error, etc.), the system will end up here.  Unless reimplemented by
  97:Generated_Source\PSoC4/cyfitter_cfg.c **** *  the customer, this function will stop in an infinite loop.
  98:Generated_Source\PSoC4/cyfitter_cfg.c **** *
ARM GAS  C:\Users\jn\AppData\Local\Temp\cc8fvpsa.s 			page 5


  99:Generated_Source\PSoC4/cyfitter_cfg.c **** * Parameters:
 100:Generated_Source\PSoC4/cyfitter_cfg.c **** *   void
 101:Generated_Source\PSoC4/cyfitter_cfg.c **** *
 102:Generated_Source\PSoC4/cyfitter_cfg.c **** * Return:
 103:Generated_Source\PSoC4/cyfitter_cfg.c **** *   void
 104:Generated_Source\PSoC4/cyfitter_cfg.c **** *
 105:Generated_Source\PSoC4/cyfitter_cfg.c **** *******************************************************************************/
 106:Generated_Source\PSoC4/cyfitter_cfg.c **** CY_CFG_UNUSED
 107:Generated_Source\PSoC4/cyfitter_cfg.c **** static void CyClockStartupError(uint8 errorCode);
 108:Generated_Source\PSoC4/cyfitter_cfg.c **** CY_CFG_UNUSED
 109:Generated_Source\PSoC4/cyfitter_cfg.c **** static void CyClockStartupError(uint8 errorCode)
 110:Generated_Source\PSoC4/cyfitter_cfg.c **** {
 111:Generated_Source\PSoC4/cyfitter_cfg.c ****     /* To remove the compiler warning if errorCode not used.                */
 112:Generated_Source\PSoC4/cyfitter_cfg.c ****     errorCode = errorCode;
 113:Generated_Source\PSoC4/cyfitter_cfg.c **** 
 114:Generated_Source\PSoC4/cyfitter_cfg.c ****     /* If we have a clock startup error (bad MHz crystal, PLL lock, etc.),  */
 115:Generated_Source\PSoC4/cyfitter_cfg.c ****     /* we will end up here to allow the customer to implement something to  */
 116:Generated_Source\PSoC4/cyfitter_cfg.c ****     /* deal with the clock condition.                                       */
 117:Generated_Source\PSoC4/cyfitter_cfg.c **** 
 118:Generated_Source\PSoC4/cyfitter_cfg.c **** #ifdef CY_CFG_CLOCK_STARTUP_ERROR_CALLBACK
 119:Generated_Source\PSoC4/cyfitter_cfg.c **** 	CY_CFG_Clock_Startup_ErrorCallback();
 120:Generated_Source\PSoC4/cyfitter_cfg.c **** #else
 121:Generated_Source\PSoC4/cyfitter_cfg.c **** 	/*  If not using CY_CFG_CLOCK_STARTUP_ERROR_CALLBACK, place your clock startup code here. */
 122:Generated_Source\PSoC4/cyfitter_cfg.c ****     /* `#START CyClockStartupError` */
 123:Generated_Source\PSoC4/cyfitter_cfg.c **** 
 124:Generated_Source\PSoC4/cyfitter_cfg.c **** 
 125:Generated_Source\PSoC4/cyfitter_cfg.c **** 
 126:Generated_Source\PSoC4/cyfitter_cfg.c ****     /* `#END` */
 127:Generated_Source\PSoC4/cyfitter_cfg.c **** 
 128:Generated_Source\PSoC4/cyfitter_cfg.c ****     /* If nothing else, stop here since the clocks have not started         */
 129:Generated_Source\PSoC4/cyfitter_cfg.c ****     /* correctly.                                                           */
 130:Generated_Source\PSoC4/cyfitter_cfg.c ****     while(1) {}
 131:Generated_Source\PSoC4/cyfitter_cfg.c **** #endif /* CY_CFG_CLOCK_STARTUP_ERROR_CALLBACK */ 
 132:Generated_Source\PSoC4/cyfitter_cfg.c **** }
 133:Generated_Source\PSoC4/cyfitter_cfg.c **** #endif
 134:Generated_Source\PSoC4/cyfitter_cfg.c **** 
 135:Generated_Source\PSoC4/cyfitter_cfg.c **** #define CY_CFG_BASE_ADDR_COUNT 5u
 136:Generated_Source\PSoC4/cyfitter_cfg.c **** CYPACKED typedef struct
 137:Generated_Source\PSoC4/cyfitter_cfg.c **** {
 138:Generated_Source\PSoC4/cyfitter_cfg.c **** 	uint8 offset;
 139:Generated_Source\PSoC4/cyfitter_cfg.c **** 	uint8 value;
 140:Generated_Source\PSoC4/cyfitter_cfg.c **** } CYPACKED_ATTR cy_cfg_addrvalue_t;
 141:Generated_Source\PSoC4/cyfitter_cfg.c **** 
 142:Generated_Source\PSoC4/cyfitter_cfg.c **** 
 143:Generated_Source\PSoC4/cyfitter_cfg.c **** 
 144:Generated_Source\PSoC4/cyfitter_cfg.c **** /*******************************************************************************
 145:Generated_Source\PSoC4/cyfitter_cfg.c **** * Function Name: cfg_write_bytes32
 146:Generated_Source\PSoC4/cyfitter_cfg.c **** ********************************************************************************
 147:Generated_Source\PSoC4/cyfitter_cfg.c **** * Summary:
 148:Generated_Source\PSoC4/cyfitter_cfg.c **** *  This function is used for setting up the chip configuration areas that
 149:Generated_Source\PSoC4/cyfitter_cfg.c **** *  contain relatively sparse data.
 150:Generated_Source\PSoC4/cyfitter_cfg.c **** *
 151:Generated_Source\PSoC4/cyfitter_cfg.c **** * Parameters:
 152:Generated_Source\PSoC4/cyfitter_cfg.c **** *   void
 153:Generated_Source\PSoC4/cyfitter_cfg.c **** *
 154:Generated_Source\PSoC4/cyfitter_cfg.c **** * Return:
 155:Generated_Source\PSoC4/cyfitter_cfg.c **** *   void
ARM GAS  C:\Users\jn\AppData\Local\Temp\cc8fvpsa.s 			page 6


 156:Generated_Source\PSoC4/cyfitter_cfg.c **** *
 157:Generated_Source\PSoC4/cyfitter_cfg.c **** *******************************************************************************/
 158:Generated_Source\PSoC4/cyfitter_cfg.c **** static void cfg_write_bytes32(const uint32 addr_table[], const cy_cfg_addrvalue_t data_table[]);
 159:Generated_Source\PSoC4/cyfitter_cfg.c **** static void cfg_write_bytes32(const uint32 addr_table[], const cy_cfg_addrvalue_t data_table[])
 160:Generated_Source\PSoC4/cyfitter_cfg.c **** {
 131              		.loc 1 160 0
 132              		.cfi_startproc
 133 0000 80B5     		push	{r7, lr}
 134              		.cfi_def_cfa_offset 8
 135              		.cfi_offset 7, -8
 136              		.cfi_offset 14, -4
 137 0002 86B0     		sub	sp, sp, #24
 138              		.cfi_def_cfa_offset 32
 139 0004 00AF     		add	r7, sp, #0
 140              		.cfi_def_cfa_register 7
 141 0006 7860     		str	r0, [r7, #4]
 142 0008 3960     		str	r1, [r7]
 161:Generated_Source\PSoC4/cyfitter_cfg.c **** 	/* For 32-bit little-endian architectures */
 162:Generated_Source\PSoC4/cyfitter_cfg.c **** 	uint32 i, j = 0u;
 143              		.loc 1 162 0
 144 000a 0023     		mov	r3, #0
 145 000c 3B61     		str	r3, [r7, #16]
 163:Generated_Source\PSoC4/cyfitter_cfg.c **** 	for (i = 0u; i < CY_CFG_BASE_ADDR_COUNT; i++)
 146              		.loc 1 163 0
 147 000e 0023     		mov	r3, #0
 148 0010 7B61     		str	r3, [r7, #20]
 149 0012 2FE0     		b	.L5
 150              	.L8:
 151              	.LBB2:
 164:Generated_Source\PSoC4/cyfitter_cfg.c **** 	{
 165:Generated_Source\PSoC4/cyfitter_cfg.c **** 		uint32 baseAddr = addr_table[i];
 152              		.loc 1 165 0
 153 0014 7B69     		ldr	r3, [r7, #20]
 154 0016 9B00     		lsl	r3, r3, #2
 155 0018 7A68     		ldr	r2, [r7, #4]
 156 001a D318     		add	r3, r2, r3
 157 001c 1B68     		ldr	r3, [r3]
 158 001e BB60     		str	r3, [r7, #8]
 166:Generated_Source\PSoC4/cyfitter_cfg.c **** 		uint8 count = (uint8)baseAddr;
 159              		.loc 1 166 0
 160 0020 0F23     		mov	r3, #15
 161 0022 FB18     		add	r3, r7, r3
 162 0024 BA68     		ldr	r2, [r7, #8]
 163 0026 1A70     		strb	r2, [r3]
 167:Generated_Source\PSoC4/cyfitter_cfg.c **** 		baseAddr &= 0xFFFFFF00u;
 164              		.loc 1 167 0
 165 0028 BB68     		ldr	r3, [r7, #8]
 166 002a FF22     		mov	r2, #255
 167 002c 9343     		bic	r3, r2
 168 002e BB60     		str	r3, [r7, #8]
 168:Generated_Source\PSoC4/cyfitter_cfg.c **** 		while (count != 0u)
 169              		.loc 1 168 0
 170 0030 18E0     		b	.L6
 171              	.L7:
 169:Generated_Source\PSoC4/cyfitter_cfg.c **** 		{
 170:Generated_Source\PSoC4/cyfitter_cfg.c **** 			CY_SET_XTND_REG8((void CYFAR *)(baseAddr + data_table[j].offset), data_table[j].value);
 172              		.loc 1 170 0
ARM GAS  C:\Users\jn\AppData\Local\Temp\cc8fvpsa.s 			page 7


 173 0032 3B69     		ldr	r3, [r7, #16]
 174 0034 5B00     		lsl	r3, r3, #1
 175 0036 3A68     		ldr	r2, [r7]
 176 0038 D318     		add	r3, r2, r3
 177 003a 1B78     		ldrb	r3, [r3]
 178 003c 1A1C     		mov	r2, r3
 179 003e BB68     		ldr	r3, [r7, #8]
 180 0040 D318     		add	r3, r2, r3
 181 0042 191C     		mov	r1, r3
 182 0044 3B69     		ldr	r3, [r7, #16]
 183 0046 5B00     		lsl	r3, r3, #1
 184 0048 3A68     		ldr	r2, [r7]
 185 004a D318     		add	r3, r2, r3
 186 004c 5B78     		ldrb	r3, [r3, #1]
 187 004e 0B70     		strb	r3, [r1]
 171:Generated_Source\PSoC4/cyfitter_cfg.c **** 			j++;
 188              		.loc 1 171 0
 189 0050 3B69     		ldr	r3, [r7, #16]
 190 0052 0133     		add	r3, r3, #1
 191 0054 3B61     		str	r3, [r7, #16]
 172:Generated_Source\PSoC4/cyfitter_cfg.c **** 			count--;
 192              		.loc 1 172 0
 193 0056 0F23     		mov	r3, #15
 194 0058 FB18     		add	r3, r7, r3
 195 005a 1A78     		ldrb	r2, [r3]
 196 005c 0F23     		mov	r3, #15
 197 005e FB18     		add	r3, r7, r3
 198 0060 013A     		sub	r2, r2, #1
 199 0062 1A70     		strb	r2, [r3]
 200              	.L6:
 168:Generated_Source\PSoC4/cyfitter_cfg.c **** 		{
 201              		.loc 1 168 0
 202 0064 0F23     		mov	r3, #15
 203 0066 FB18     		add	r3, r7, r3
 204 0068 1B78     		ldrb	r3, [r3]
 205 006a 002B     		cmp	r3, #0
 206 006c E1D1     		bne	.L7
 207              	.LBE2:
 163:Generated_Source\PSoC4/cyfitter_cfg.c **** 	{
 208              		.loc 1 163 0 discriminator 2
 209 006e 7B69     		ldr	r3, [r7, #20]
 210 0070 0133     		add	r3, r3, #1
 211 0072 7B61     		str	r3, [r7, #20]
 212              	.L5:
 163:Generated_Source\PSoC4/cyfitter_cfg.c **** 	{
 213              		.loc 1 163 0 is_stmt 0 discriminator 1
 214 0074 7B69     		ldr	r3, [r7, #20]
 215 0076 042B     		cmp	r3, #4
 216 0078 CCD9     		bls	.L8
 173:Generated_Source\PSoC4/cyfitter_cfg.c **** 		}
 174:Generated_Source\PSoC4/cyfitter_cfg.c **** 	}
 175:Generated_Source\PSoC4/cyfitter_cfg.c **** }
 217              		.loc 1 175 0 is_stmt 1
 218 007a BD46     		mov	sp, r7
 219 007c 06B0     		add	sp, sp, #24
 220              		@ sp needed
 221 007e 80BD     		pop	{r7, pc}
ARM GAS  C:\Users\jn\AppData\Local\Temp\cc8fvpsa.s 			page 8


 222              		.cfi_endproc
 223              	.LFE3:
 224              		.size	cfg_write_bytes32, .-cfg_write_bytes32
 225              		.section	.psocinit,"ax",%progbits
 226              		.align	2
 227              		.code	16
 228              		.thumb_func
 229              		.type	ClockSetup, %function
 230              	ClockSetup:
 231              	.LFB4:
 176:Generated_Source\PSoC4/cyfitter_cfg.c **** 
 177:Generated_Source\PSoC4/cyfitter_cfg.c **** 
 178:Generated_Source\PSoC4/cyfitter_cfg.c **** /*******************************************************************************
 179:Generated_Source\PSoC4/cyfitter_cfg.c **** * Function Name: ClockSetup
 180:Generated_Source\PSoC4/cyfitter_cfg.c **** ********************************************************************************
 181:Generated_Source\PSoC4/cyfitter_cfg.c **** *
 182:Generated_Source\PSoC4/cyfitter_cfg.c **** * Summary:
 183:Generated_Source\PSoC4/cyfitter_cfg.c **** *   Performs the initialization of all of the clocks in the device based on the
 184:Generated_Source\PSoC4/cyfitter_cfg.c **** *   settings in the Clock tab of the DWR.  This includes enabling the requested
 185:Generated_Source\PSoC4/cyfitter_cfg.c **** *   clocks and setting the necessary dividers to produce the desired frequency. 
 186:Generated_Source\PSoC4/cyfitter_cfg.c **** *
 187:Generated_Source\PSoC4/cyfitter_cfg.c **** * Parameters:
 188:Generated_Source\PSoC4/cyfitter_cfg.c **** *   void
 189:Generated_Source\PSoC4/cyfitter_cfg.c **** *
 190:Generated_Source\PSoC4/cyfitter_cfg.c **** * Return:
 191:Generated_Source\PSoC4/cyfitter_cfg.c **** *   void
 192:Generated_Source\PSoC4/cyfitter_cfg.c **** *
 193:Generated_Source\PSoC4/cyfitter_cfg.c **** *******************************************************************************/
 194:Generated_Source\PSoC4/cyfitter_cfg.c **** static void ClockSetup(void);
 195:Generated_Source\PSoC4/cyfitter_cfg.c **** CY_CFG_SECTION
 196:Generated_Source\PSoC4/cyfitter_cfg.c **** static void ClockSetup(void)
 197:Generated_Source\PSoC4/cyfitter_cfg.c **** {
 232              		.loc 1 197 0
 233              		.cfi_startproc
 234 0000 80B5     		push	{r7, lr}
 235              		.cfi_def_cfa_offset 8
 236              		.cfi_offset 7, -8
 237              		.cfi_offset 14, -4
 238 0002 00AF     		add	r7, sp, #0
 239              		.cfi_def_cfa_register 7
 198:Generated_Source\PSoC4/cyfitter_cfg.c **** 	/* Enable HALF_EN before trimming for the flash accelerator. */
 199:Generated_Source\PSoC4/cyfitter_cfg.c **** 	CY_SET_REG32((void CYXDATA *)(CYREG_CLK_SELECT), (CY_GET_REG32((void *)CYREG_CLK_SELECT) | 0x00040
 240              		.loc 1 199 0
 241 0004 124B     		ldr	r3, .L10
 242 0006 124A     		ldr	r2, .L10
 243 0008 1268     		ldr	r2, [r2]
 244 000a 8021     		mov	r1, #128
 245 000c C902     		lsl	r1, r1, #11
 246 000e 0A43     		orr	r2, r1
 247 0010 1A60     		str	r2, [r3]
 200:Generated_Source\PSoC4/cyfitter_cfg.c **** 
 201:Generated_Source\PSoC4/cyfitter_cfg.c **** 	/* Setup and trim IMO based on desired frequency. */
 202:Generated_Source\PSoC4/cyfitter_cfg.c **** 	CySysClkWriteImoFreq(24u);
 248              		.loc 1 202 0
 249 0012 1820     		mov	r0, #24
 250 0014 FFF7FEFF 		bl	CySysClkWriteImoFreq
 203:Generated_Source\PSoC4/cyfitter_cfg.c **** 
ARM GAS  C:\Users\jn\AppData\Local\Temp\cc8fvpsa.s 			page 9


 204:Generated_Source\PSoC4/cyfitter_cfg.c **** 	/* Disable HALF_EN since it is not required at this IMO frequency. */
 205:Generated_Source\PSoC4/cyfitter_cfg.c **** 	CY_SET_REG32((void CYXDATA *)(CYREG_CLK_SELECT), (CY_GET_REG32((void *)CYREG_CLK_SELECT) & 0xFFFBF
 251              		.loc 1 205 0
 252 0018 0D4B     		ldr	r3, .L10
 253 001a 0D4A     		ldr	r2, .L10
 254 001c 1268     		ldr	r2, [r2]
 255 001e 0D49     		ldr	r1, .L10+4
 256 0020 0A40     		and	r2, r1
 257 0022 1A60     		str	r2, [r3]
 206:Generated_Source\PSoC4/cyfitter_cfg.c **** 	/* CYDEV_CLK_ILO_CONFIG Starting address: CYDEV_CLK_ILO_CONFIG */
 207:Generated_Source\PSoC4/cyfitter_cfg.c **** 	CY_SET_XTND_REG32((void CYFAR *)(CYREG_CLK_ILO_CONFIG), 0x80000006u);
 258              		.loc 1 207 0
 259 0024 0C4B     		ldr	r3, .L10+8
 260 0026 0D4A     		ldr	r2, .L10+12
 261 0028 1A60     		str	r2, [r3]
 208:Generated_Source\PSoC4/cyfitter_cfg.c **** 
 209:Generated_Source\PSoC4/cyfitter_cfg.c **** 
 210:Generated_Source\PSoC4/cyfitter_cfg.c **** 	/* CYDEV_CLK_SELECT00 Starting address: CYDEV_CLK_SELECT00 */
 211:Generated_Source\PSoC4/cyfitter_cfg.c **** 	CY_SET_XTND_REG32((void CYFAR *)(CYREG_CLK_SELECT07), 0x00000010u);
 262              		.loc 1 211 0
 263 002a 0D4B     		ldr	r3, .L10+16
 264 002c 1022     		mov	r2, #16
 265 002e 1A60     		str	r2, [r3]
 212:Generated_Source\PSoC4/cyfitter_cfg.c **** 
 213:Generated_Source\PSoC4/cyfitter_cfg.c **** 	/* CYDEV_CLK_IMO_CONFIG Starting address: CYDEV_CLK_IMO_CONFIG */
 214:Generated_Source\PSoC4/cyfitter_cfg.c **** 	CY_SET_XTND_REG32((void CYFAR *)(CYREG_CLK_IMO_CONFIG), 0x82000000u);
 266              		.loc 1 214 0
 267 0030 0C4B     		ldr	r3, .L10+20
 268 0032 8222     		mov	r2, #130
 269 0034 1206     		lsl	r2, r2, #24
 270 0036 1A60     		str	r2, [r3]
 215:Generated_Source\PSoC4/cyfitter_cfg.c **** 
 216:Generated_Source\PSoC4/cyfitter_cfg.c **** 	/* CYDEV_CLK_SELECT Starting address: CYDEV_CLK_SELECT */
 217:Generated_Source\PSoC4/cyfitter_cfg.c **** 	CY_SET_XTND_REG32((void CYFAR *)(CYREG_CLK_SELECT), 0x00000000u);
 271              		.loc 1 217 0
 272 0038 054B     		ldr	r3, .L10
 273 003a 0022     		mov	r2, #0
 274 003c 1A60     		str	r2, [r3]
 218:Generated_Source\PSoC4/cyfitter_cfg.c **** 
 219:Generated_Source\PSoC4/cyfitter_cfg.c **** 	/* CYDEV_CLK_DIVIDER_A00 Starting address: CYDEV_CLK_DIVIDER_A00 */
 220:Generated_Source\PSoC4/cyfitter_cfg.c **** 	CY_SET_XTND_REG32((void CYFAR *)(CYREG_CLK_DIVIDER_A00), 0x80000008u);
 275              		.loc 1 220 0
 276 003e 0A4B     		ldr	r3, .L10+24
 277 0040 0A4A     		ldr	r2, .L10+28
 278 0042 1A60     		str	r2, [r3]
 221:Generated_Source\PSoC4/cyfitter_cfg.c **** 
 222:Generated_Source\PSoC4/cyfitter_cfg.c **** 	CY_SET_XTND_REG32((void CYFAR *)(CYREG_WDT_CONFIG), 0x00000000u);
 279              		.loc 1 222 0
 280 0044 0A4B     		ldr	r3, .L10+32
 281 0046 0022     		mov	r2, #0
 282 0048 1A60     		str	r2, [r3]
 223:Generated_Source\PSoC4/cyfitter_cfg.c **** }
 283              		.loc 1 223 0
 284 004a BD46     		mov	sp, r7
 285              		@ sp needed
 286 004c 80BD     		pop	{r7, pc}
 287              	.L11:
ARM GAS  C:\Users\jn\AppData\Local\Temp\cc8fvpsa.s 			page 10


 288 004e C046     		.align	2
 289              	.L10:
 290 0050 00010B40 		.word	1074462976
 291 0054 FFFFFBFF 		.word	-262145
 292 0058 04010B40 		.word	1074462980
 293 005c 06000080 		.word	-2147483642
 294 0060 1C020240 		.word	1073873436
 295 0064 08010B40 		.word	1074462984
 296 0068 00000240 		.word	1073872896
 297 006c 08000080 		.word	-2147483640
 298 0070 0C020B40 		.word	1074463244
 299              		.cfi_endproc
 300              	.LFE4:
 301              		.size	ClockSetup, .-ClockSetup
 302              		.section	.text.AnalogSetDefault,"ax",%progbits
 303              		.align	2
 304              		.code	16
 305              		.thumb_func
 306              		.type	AnalogSetDefault, %function
 307              	AnalogSetDefault:
 308              	.LFB5:
 224:Generated_Source\PSoC4/cyfitter_cfg.c **** 
 225:Generated_Source\PSoC4/cyfitter_cfg.c **** 
 226:Generated_Source\PSoC4/cyfitter_cfg.c **** /* Analog API Functions */
 227:Generated_Source\PSoC4/cyfitter_cfg.c **** 
 228:Generated_Source\PSoC4/cyfitter_cfg.c **** 
 229:Generated_Source\PSoC4/cyfitter_cfg.c **** /*******************************************************************************
 230:Generated_Source\PSoC4/cyfitter_cfg.c **** * Function Name: AnalogSetDefault
 231:Generated_Source\PSoC4/cyfitter_cfg.c **** ********************************************************************************
 232:Generated_Source\PSoC4/cyfitter_cfg.c **** *
 233:Generated_Source\PSoC4/cyfitter_cfg.c **** * Summary:
 234:Generated_Source\PSoC4/cyfitter_cfg.c **** *  Sets up the analog portions of the chip to default values based on chip
 235:Generated_Source\PSoC4/cyfitter_cfg.c **** *  configuration options from the project.
 236:Generated_Source\PSoC4/cyfitter_cfg.c **** *
 237:Generated_Source\PSoC4/cyfitter_cfg.c **** * Parameters:
 238:Generated_Source\PSoC4/cyfitter_cfg.c **** *  void
 239:Generated_Source\PSoC4/cyfitter_cfg.c **** *
 240:Generated_Source\PSoC4/cyfitter_cfg.c **** * Return:
 241:Generated_Source\PSoC4/cyfitter_cfg.c **** *  void
 242:Generated_Source\PSoC4/cyfitter_cfg.c **** *
 243:Generated_Source\PSoC4/cyfitter_cfg.c **** *******************************************************************************/
 244:Generated_Source\PSoC4/cyfitter_cfg.c **** static void AnalogSetDefault(void);
 245:Generated_Source\PSoC4/cyfitter_cfg.c **** static void AnalogSetDefault(void)
 246:Generated_Source\PSoC4/cyfitter_cfg.c **** {
 309              		.loc 1 246 0
 310              		.cfi_startproc
 311 0000 80B5     		push	{r7, lr}
 312              		.cfi_def_cfa_offset 8
 313              		.cfi_offset 7, -8
 314              		.cfi_offset 14, -4
 315 0002 00AF     		add	r7, sp, #0
 316              		.cfi_def_cfa_register 7
 247:Generated_Source\PSoC4/cyfitter_cfg.c **** 	CY_SET_XTND_REG32((void CYFAR *)CYREG_SAR_MUX_SWITCH0, 0x00040000u);
 317              		.loc 1 247 0
 318 0004 044B     		ldr	r3, .L13
 319 0006 8022     		mov	r2, #128
 320 0008 D202     		lsl	r2, r2, #11
ARM GAS  C:\Users\jn\AppData\Local\Temp\cc8fvpsa.s 			page 11


 321 000a 1A60     		str	r2, [r3]
 248:Generated_Source\PSoC4/cyfitter_cfg.c **** 	SetAnalogRoutingPumps(1);
 322              		.loc 1 248 0
 323 000c 0120     		mov	r0, #1
 324 000e FFF7FEFF 		bl	SetAnalogRoutingPumps
 249:Generated_Source\PSoC4/cyfitter_cfg.c **** }
 325              		.loc 1 249 0
 326 0012 BD46     		mov	sp, r7
 327              		@ sp needed
 328 0014 80BD     		pop	{r7, pc}
 329              	.L14:
 330 0016 C046     		.align	2
 331              	.L13:
 332 0018 00031A40 		.word	1075446528
 333              		.cfi_endproc
 334              	.LFE5:
 335              		.size	AnalogSetDefault, .-AnalogSetDefault
 336              		.section	.text.SetAnalogRoutingPumps,"ax",%progbits
 337              		.align	2
 338              		.global	SetAnalogRoutingPumps
 339              		.code	16
 340              		.thumb_func
 341              		.type	SetAnalogRoutingPumps, %function
 342              	SetAnalogRoutingPumps:
 343              	.LFB6:
 250:Generated_Source\PSoC4/cyfitter_cfg.c **** 
 251:Generated_Source\PSoC4/cyfitter_cfg.c **** 
 252:Generated_Source\PSoC4/cyfitter_cfg.c **** /*******************************************************************************
 253:Generated_Source\PSoC4/cyfitter_cfg.c **** * Function Name: SetAnalogRoutingPumps
 254:Generated_Source\PSoC4/cyfitter_cfg.c **** ********************************************************************************
 255:Generated_Source\PSoC4/cyfitter_cfg.c **** *
 256:Generated_Source\PSoC4/cyfitter_cfg.c **** * Summary:
 257:Generated_Source\PSoC4/cyfitter_cfg.c **** * Enables or disables the analog pumps feeding analog routing switches.
 258:Generated_Source\PSoC4/cyfitter_cfg.c **** * Intended to be called at startup, based on the Vdda system configuration;
 259:Generated_Source\PSoC4/cyfitter_cfg.c **** * may be called during operation when the user informs us that the Vdda voltage crossed the pump th
 260:Generated_Source\PSoC4/cyfitter_cfg.c **** *
 261:Generated_Source\PSoC4/cyfitter_cfg.c **** * Parameters:
 262:Generated_Source\PSoC4/cyfitter_cfg.c **** *  enabled - 1 to enable the pumps, 0 to disable the pumps
 263:Generated_Source\PSoC4/cyfitter_cfg.c **** *
 264:Generated_Source\PSoC4/cyfitter_cfg.c **** * Return:
 265:Generated_Source\PSoC4/cyfitter_cfg.c **** *  void
 266:Generated_Source\PSoC4/cyfitter_cfg.c **** *
 267:Generated_Source\PSoC4/cyfitter_cfg.c **** *******************************************************************************/
 268:Generated_Source\PSoC4/cyfitter_cfg.c **** void SetAnalogRoutingPumps(uint8 enabled)
 269:Generated_Source\PSoC4/cyfitter_cfg.c **** {
 344              		.loc 1 269 0
 345              		.cfi_startproc
 346 0000 80B5     		push	{r7, lr}
 347              		.cfi_def_cfa_offset 8
 348              		.cfi_offset 7, -8
 349              		.cfi_offset 14, -4
 350 0002 84B0     		sub	sp, sp, #16
 351              		.cfi_def_cfa_offset 24
 352 0004 00AF     		add	r7, sp, #0
 353              		.cfi_def_cfa_register 7
 354 0006 021C     		mov	r2, r0
 355 0008 FB1D     		add	r3, r7, #7
ARM GAS  C:\Users\jn\AppData\Local\Temp\cc8fvpsa.s 			page 12


 356 000a 1A70     		strb	r2, [r3]
 270:Generated_Source\PSoC4/cyfitter_cfg.c **** 	uint32 regValue = CY_GET_XTND_REG32((void *)(CYREG_SAR_PUMP_CTRL));
 357              		.loc 1 270 0
 358 000c 0B4B     		ldr	r3, .L18
 359 000e 1B68     		ldr	r3, [r3]
 360 0010 FB60     		str	r3, [r7, #12]
 271:Generated_Source\PSoC4/cyfitter_cfg.c **** 	if (enabled != 0u)
 361              		.loc 1 271 0
 362 0012 FB1D     		add	r3, r7, #7
 363 0014 1B78     		ldrb	r3, [r3]
 364 0016 002B     		cmp	r3, #0
 365 0018 05D0     		beq	.L16
 272:Generated_Source\PSoC4/cyfitter_cfg.c **** 	{
 273:Generated_Source\PSoC4/cyfitter_cfg.c **** 		regValue |= 0x80000000u;
 366              		.loc 1 273 0
 367 001a FB68     		ldr	r3, [r7, #12]
 368 001c 8022     		mov	r2, #128
 369 001e 1206     		lsl	r2, r2, #24
 370 0020 1343     		orr	r3, r2
 371 0022 FB60     		str	r3, [r7, #12]
 372 0024 03E0     		b	.L17
 373              	.L16:
 274:Generated_Source\PSoC4/cyfitter_cfg.c **** 	}
 275:Generated_Source\PSoC4/cyfitter_cfg.c **** 	else
 276:Generated_Source\PSoC4/cyfitter_cfg.c **** 	{
 277:Generated_Source\PSoC4/cyfitter_cfg.c **** 		regValue &= ~0x80000000u;
 374              		.loc 1 277 0
 375 0026 FB68     		ldr	r3, [r7, #12]
 376 0028 5B00     		lsl	r3, r3, #1
 377 002a 5B08     		lsr	r3, r3, #1
 378 002c FB60     		str	r3, [r7, #12]
 379              	.L17:
 278:Generated_Source\PSoC4/cyfitter_cfg.c **** 	}
 279:Generated_Source\PSoC4/cyfitter_cfg.c **** 	CY_SET_XTND_REG32((void *)(CYREG_SAR_PUMP_CTRL), regValue);
 380              		.loc 1 279 0
 381 002e 034B     		ldr	r3, .L18
 382 0030 FA68     		ldr	r2, [r7, #12]
 383 0032 1A60     		str	r2, [r3]
 280:Generated_Source\PSoC4/cyfitter_cfg.c **** }
 384              		.loc 1 280 0
 385 0034 BD46     		mov	sp, r7
 386 0036 04B0     		add	sp, sp, #16
 387              		@ sp needed
 388 0038 80BD     		pop	{r7, pc}
 389              	.L19:
 390 003a C046     		.align	2
 391              	.L18:
 392 003c 80031A40 		.word	1075446656
 393              		.cfi_endproc
 394              	.LFE6:
 395              		.size	SetAnalogRoutingPumps, .-SetAnalogRoutingPumps
 396              		.section	.psocinit
 397              		.align	2
 398              		.global	cyfitter_cfg
 399              		.code	16
 400              		.thumb_func
 401              		.type	cyfitter_cfg, %function
ARM GAS  C:\Users\jn\AppData\Local\Temp\cc8fvpsa.s 			page 13


 402              	cyfitter_cfg:
 403              	.LFB7:
 281:Generated_Source\PSoC4/cyfitter_cfg.c **** 
 282:Generated_Source\PSoC4/cyfitter_cfg.c **** #define CY_AMUX_UNUSED CYREG_CM0_ROM_DWT
 283:Generated_Source\PSoC4/cyfitter_cfg.c **** 
 284:Generated_Source\PSoC4/cyfitter_cfg.c **** 
 285:Generated_Source\PSoC4/cyfitter_cfg.c **** /*******************************************************************************
 286:Generated_Source\PSoC4/cyfitter_cfg.c **** * Function Name: cyfitter_cfg
 287:Generated_Source\PSoC4/cyfitter_cfg.c **** ********************************************************************************
 288:Generated_Source\PSoC4/cyfitter_cfg.c **** * Summary:
 289:Generated_Source\PSoC4/cyfitter_cfg.c **** *  This function is called by the start-up code for the selected device. It
 290:Generated_Source\PSoC4/cyfitter_cfg.c **** *  performs all of the necessary device configuration based on the design
 291:Generated_Source\PSoC4/cyfitter_cfg.c **** *  settings.  This includes settings from the Design Wide Resources (DWR) such
 292:Generated_Source\PSoC4/cyfitter_cfg.c **** *  as Clocks and Pins as well as any component configuration that is necessary.
 293:Generated_Source\PSoC4/cyfitter_cfg.c **** *
 294:Generated_Source\PSoC4/cyfitter_cfg.c **** * Parameters:  
 295:Generated_Source\PSoC4/cyfitter_cfg.c **** *   void
 296:Generated_Source\PSoC4/cyfitter_cfg.c **** *
 297:Generated_Source\PSoC4/cyfitter_cfg.c **** * Return:
 298:Generated_Source\PSoC4/cyfitter_cfg.c **** *   void
 299:Generated_Source\PSoC4/cyfitter_cfg.c **** *
 300:Generated_Source\PSoC4/cyfitter_cfg.c **** *******************************************************************************/
 301:Generated_Source\PSoC4/cyfitter_cfg.c **** CY_CFG_SECTION
 302:Generated_Source\PSoC4/cyfitter_cfg.c **** void cyfitter_cfg(void)
 303:Generated_Source\PSoC4/cyfitter_cfg.c **** {
 404              		.loc 1 303 0
 405              		.cfi_startproc
 406 0074 80B5     		push	{r7, lr}
 407              		.cfi_def_cfa_offset 8
 408              		.cfi_offset 7, -8
 409              		.cfi_offset 14, -4
 410 0076 82B0     		sub	sp, sp, #8
 411              		.cfi_def_cfa_offset 16
 412 0078 00AF     		add	r7, sp, #0
 413              		.cfi_def_cfa_register 7
 304:Generated_Source\PSoC4/cyfitter_cfg.c **** 	/* Disable interrupts by default. Let user enable if/when they want. */
 305:Generated_Source\PSoC4/cyfitter_cfg.c **** 	CyGlobalIntDisable;
 414              		.loc 1 305 0
 415              	@ 305 "Generated_Source\PSoC4\cyfitter_cfg.c" 1
 416 007a 72B6     		CPSID   i
 417              	@ 0 "" 2
 418              		.code	16
 419              	.LBB3:
 306:Generated_Source\PSoC4/cyfitter_cfg.c **** 
 307:Generated_Source\PSoC4/cyfitter_cfg.c **** 	{
 308:Generated_Source\PSoC4/cyfitter_cfg.c **** 		static const uint32 CYCODE cy_cfg_addr_table[] = {
 309:Generated_Source\PSoC4/cyfitter_cfg.c **** 			0x400F3004u, /* Base address: 0x400F3000 Count: 4 */
 310:Generated_Source\PSoC4/cyfitter_cfg.c **** 			0x400F3101u, /* Base address: 0x400F3100 Count: 1 */
 311:Generated_Source\PSoC4/cyfitter_cfg.c **** 			0x400F3301u, /* Base address: 0x400F3300 Count: 1 */
 312:Generated_Source\PSoC4/cyfitter_cfg.c **** 			0x400F4002u, /* Base address: 0x400F4000 Count: 2 */
 313:Generated_Source\PSoC4/cyfitter_cfg.c **** 			0x400F4102u, /* Base address: 0x400F4100 Count: 2 */
 314:Generated_Source\PSoC4/cyfitter_cfg.c **** 		};
 315:Generated_Source\PSoC4/cyfitter_cfg.c **** 
 316:Generated_Source\PSoC4/cyfitter_cfg.c **** 		static const cy_cfg_addrvalue_t CYCODE cy_cfg_data_table[] = {
 317:Generated_Source\PSoC4/cyfitter_cfg.c **** 			{0x32u, 0x01u},
 318:Generated_Source\PSoC4/cyfitter_cfg.c **** 			{0x3Eu, 0x04u},
 319:Generated_Source\PSoC4/cyfitter_cfg.c **** 			{0x58u, 0x04u},
ARM GAS  C:\Users\jn\AppData\Local\Temp\cc8fvpsa.s 			page 14


 320:Generated_Source\PSoC4/cyfitter_cfg.c **** 			{0x5Fu, 0x01u},
 321:Generated_Source\PSoC4/cyfitter_cfg.c **** 			{0x1Bu, 0x04u},
 322:Generated_Source\PSoC4/cyfitter_cfg.c **** 			{0xABu, 0x04u},
 323:Generated_Source\PSoC4/cyfitter_cfg.c **** 			{0x57u, 0x20u},
 324:Generated_Source\PSoC4/cyfitter_cfg.c **** 			{0xD4u, 0x40u},
 325:Generated_Source\PSoC4/cyfitter_cfg.c **** 			{0xABu, 0x20u},
 326:Generated_Source\PSoC4/cyfitter_cfg.c **** 			{0xEEu, 0x20u},
 327:Generated_Source\PSoC4/cyfitter_cfg.c **** 		};
 328:Generated_Source\PSoC4/cyfitter_cfg.c **** 
 329:Generated_Source\PSoC4/cyfitter_cfg.c **** 
 330:Generated_Source\PSoC4/cyfitter_cfg.c **** 
 331:Generated_Source\PSoC4/cyfitter_cfg.c **** 		CYPACKED typedef struct {
 332:Generated_Source\PSoC4/cyfitter_cfg.c **** 			void CYFAR *address;
 333:Generated_Source\PSoC4/cyfitter_cfg.c **** 			uint16 size;
 334:Generated_Source\PSoC4/cyfitter_cfg.c **** 		} CYPACKED_ATTR cfg_memset_t;
 335:Generated_Source\PSoC4/cyfitter_cfg.c **** 
 336:Generated_Source\PSoC4/cyfitter_cfg.c **** 		static const cfg_memset_t CYCODE cfg_memset_list [] = {
 337:Generated_Source\PSoC4/cyfitter_cfg.c **** 			/* address, size */
 338:Generated_Source\PSoC4/cyfitter_cfg.c **** 			{(void CYFAR *)(CYDEV_UDB_P0_U0_BASE), 1024u},
 339:Generated_Source\PSoC4/cyfitter_cfg.c **** 			{(void CYFAR *)(CYDEV_UDB_DSI0_BASE), 1024u},
 340:Generated_Source\PSoC4/cyfitter_cfg.c **** 		};
 341:Generated_Source\PSoC4/cyfitter_cfg.c **** 
 342:Generated_Source\PSoC4/cyfitter_cfg.c **** 		uint8 CYDATA i;
 343:Generated_Source\PSoC4/cyfitter_cfg.c **** 
 344:Generated_Source\PSoC4/cyfitter_cfg.c **** 		/* Zero out critical memory blocks before beginning configuration */
 345:Generated_Source\PSoC4/cyfitter_cfg.c **** 		for (i = 0u; i < (sizeof(cfg_memset_list)/sizeof(cfg_memset_list[0])); i++)
 420              		.loc 1 345 0
 421 007c FB1D     		add	r3, r7, #7
 422 007e 0022     		mov	r2, #0
 423 0080 1A70     		strb	r2, [r3]
 424 0082 23E0     		b	.L21
 425              	.L22:
 426              	.LBB4:
 346:Generated_Source\PSoC4/cyfitter_cfg.c **** 		{
 347:Generated_Source\PSoC4/cyfitter_cfg.c **** 			const cfg_memset_t CYCODE * CYDATA ms = &cfg_memset_list[i];
 427              		.loc 1 347 0 discriminator 3
 428 0084 FB1D     		add	r3, r7, #7
 429 0086 1A78     		ldrb	r2, [r3]
 430 0088 131C     		mov	r3, r2
 431 008a 5B00     		lsl	r3, r3, #1
 432 008c 9B18     		add	r3, r3, r2
 433 008e 5B00     		lsl	r3, r3, #1
 434 0090 3C4A     		ldr	r2, .L23
 435 0092 9B18     		add	r3, r3, r2
 436 0094 3B60     		str	r3, [r7]
 348:Generated_Source\PSoC4/cyfitter_cfg.c **** 			CYMEMZERO(ms->address, (size_t)(uint32)(ms->size));
 437              		.loc 1 348 0 discriminator 3
 438 0096 3B68     		ldr	r3, [r7]
 439 0098 1A78     		ldrb	r2, [r3]
 440 009a 5978     		ldrb	r1, [r3, #1]
 441 009c 0902     		lsl	r1, r1, #8
 442 009e 0A43     		orr	r2, r1
 443 00a0 9978     		ldrb	r1, [r3, #2]
 444 00a2 0904     		lsl	r1, r1, #16
 445 00a4 0A43     		orr	r2, r1
 446 00a6 DB78     		ldrb	r3, [r3, #3]
 447 00a8 1B06     		lsl	r3, r3, #24
ARM GAS  C:\Users\jn\AppData\Local\Temp\cc8fvpsa.s 			page 15


 448 00aa 1343     		orr	r3, r2
 449 00ac 191C     		mov	r1, r3
 450 00ae 3B68     		ldr	r3, [r7]
 451 00b0 1A79     		ldrb	r2, [r3, #4]
 452 00b2 5B79     		ldrb	r3, [r3, #5]
 453 00b4 1B02     		lsl	r3, r3, #8
 454 00b6 1343     		orr	r3, r2
 455 00b8 9BB2     		uxth	r3, r3
 456 00ba 081C     		mov	r0, r1
 457 00bc 191C     		mov	r1, r3
 458 00be FFF7FEFF 		bl	CYMEMZERO
 459              	.LBE4:
 345:Generated_Source\PSoC4/cyfitter_cfg.c **** 		{
 460              		.loc 1 345 0 discriminator 3
 461 00c2 FB1D     		add	r3, r7, #7
 462 00c4 1A78     		ldrb	r2, [r3]
 463 00c6 FB1D     		add	r3, r7, #7
 464 00c8 0132     		add	r2, r2, #1
 465 00ca 1A70     		strb	r2, [r3]
 466              	.L21:
 345:Generated_Source\PSoC4/cyfitter_cfg.c **** 		{
 467              		.loc 1 345 0 is_stmt 0 discriminator 1
 468 00cc FB1D     		add	r3, r7, #7
 469 00ce 1B78     		ldrb	r3, [r3]
 470 00d0 012B     		cmp	r3, #1
 471 00d2 D7D9     		bls	.L22
 349:Generated_Source\PSoC4/cyfitter_cfg.c **** 		}
 350:Generated_Source\PSoC4/cyfitter_cfg.c **** 
 351:Generated_Source\PSoC4/cyfitter_cfg.c **** 		cfg_write_bytes32(cy_cfg_addr_table, cy_cfg_data_table);
 472              		.loc 1 351 0 is_stmt 1
 473 00d4 2C4A     		ldr	r2, .L23+4
 474 00d6 2D4B     		ldr	r3, .L23+8
 475 00d8 101C     		mov	r0, r2
 476 00da 191C     		mov	r1, r3
 477 00dc FFF7FEFF 		bl	cfg_write_bytes32
 352:Generated_Source\PSoC4/cyfitter_cfg.c **** 
 353:Generated_Source\PSoC4/cyfitter_cfg.c **** 		/* HSIOM Starting address: CYDEV_HSIOM_BASE */
 354:Generated_Source\PSoC4/cyfitter_cfg.c **** 		CY_SET_XTND_REG32((void CYFAR *)(CYDEV_HSIOM_BASE), 0x00000060u);
 478              		.loc 1 354 0
 479 00e0 2B4B     		ldr	r3, .L23+12
 480 00e2 6022     		mov	r2, #96
 481 00e4 1A60     		str	r2, [r3]
 355:Generated_Source\PSoC4/cyfitter_cfg.c **** 		CY_SET_XTND_REG32((void CYFAR *)(CYREG_HSIOM_PORT_SEL3), 0x0000EE00u);
 482              		.loc 1 355 0
 483 00e6 2B4B     		ldr	r3, .L23+16
 484 00e8 EE22     		mov	r2, #238
 485 00ea 1202     		lsl	r2, r2, #8
 486 00ec 1A60     		str	r2, [r3]
 356:Generated_Source\PSoC4/cyfitter_cfg.c **** 
 357:Generated_Source\PSoC4/cyfitter_cfg.c **** 		/* UDB_PA_0 Starting address: CYDEV_UDB_PA0_BASE */
 358:Generated_Source\PSoC4/cyfitter_cfg.c **** 		CY_SET_XTND_REG32((void CYFAR *)(CYDEV_UDB_PA0_BASE), 0x00990000u);
 487              		.loc 1 358 0
 488 00ee 2A4B     		ldr	r3, .L23+20
 489 00f0 9922     		mov	r2, #153
 490 00f2 1204     		lsl	r2, r2, #16
 491 00f4 1A60     		str	r2, [r3]
 359:Generated_Source\PSoC4/cyfitter_cfg.c **** 		CY_SET_XTND_REG32((void CYFAR *)(CYREG_UDB_PA0_CFG8), 0x00040000u);
ARM GAS  C:\Users\jn\AppData\Local\Temp\cc8fvpsa.s 			page 16


 492              		.loc 1 359 0
 493 00f6 294B     		ldr	r3, .L23+24
 494 00f8 8022     		mov	r2, #128
 495 00fa D202     		lsl	r2, r2, #11
 496 00fc 1A60     		str	r2, [r3]
 360:Generated_Source\PSoC4/cyfitter_cfg.c **** 
 361:Generated_Source\PSoC4/cyfitter_cfg.c **** 		/* UDB_PA_1 Starting address: CYDEV_UDB_PA1_BASE */
 362:Generated_Source\PSoC4/cyfitter_cfg.c **** 		CY_SET_XTND_REG32((void CYFAR *)(CYDEV_UDB_PA1_BASE), 0x00990000u);
 497              		.loc 1 362 0
 498 00fe 284B     		ldr	r3, .L23+28
 499 0100 9922     		mov	r2, #153
 500 0102 1204     		lsl	r2, r2, #16
 501 0104 1A60     		str	r2, [r3]
 363:Generated_Source\PSoC4/cyfitter_cfg.c **** 
 364:Generated_Source\PSoC4/cyfitter_cfg.c **** 		/* UDB_PA_2 Starting address: CYDEV_UDB_PA2_BASE */
 365:Generated_Source\PSoC4/cyfitter_cfg.c **** 		CY_SET_XTND_REG32((void CYFAR *)(CYDEV_UDB_PA2_BASE), 0x00990000u);
 502              		.loc 1 365 0
 503 0106 274B     		ldr	r3, .L23+32
 504 0108 9922     		mov	r2, #153
 505 010a 1204     		lsl	r2, r2, #16
 506 010c 1A60     		str	r2, [r3]
 366:Generated_Source\PSoC4/cyfitter_cfg.c **** 
 367:Generated_Source\PSoC4/cyfitter_cfg.c **** 		/* UDB_PA_3 Starting address: CYDEV_UDB_PA3_BASE */
 368:Generated_Source\PSoC4/cyfitter_cfg.c **** 		CY_SET_XTND_REG32((void CYFAR *)(CYDEV_UDB_PA3_BASE), 0x00990000u);
 507              		.loc 1 368 0
 508 010e 264B     		ldr	r3, .L23+36
 509 0110 9922     		mov	r2, #153
 510 0112 1204     		lsl	r2, r2, #16
 511 0114 1A60     		str	r2, [r3]
 369:Generated_Source\PSoC4/cyfitter_cfg.c **** 
 370:Generated_Source\PSoC4/cyfitter_cfg.c **** 		/* Enable digital routing */
 371:Generated_Source\PSoC4/cyfitter_cfg.c **** 		CY_SET_XTND_REG8((void *)CYREG_UDB_UDBIF_BANK_CTL, CY_GET_XTND_REG8((void *)CYREG_UDB_UDBIF_BANK_
 512              		.loc 1 371 0
 513 0116 254A     		ldr	r2, .L23+40
 514 0118 244B     		ldr	r3, .L23+40
 515 011a 1B78     		ldrb	r3, [r3]
 516 011c DBB2     		uxtb	r3, r3
 517 011e 0221     		mov	r1, #2
 518 0120 0B43     		orr	r3, r1
 519 0122 DBB2     		uxtb	r3, r3
 520 0124 1370     		strb	r3, [r2]
 372:Generated_Source\PSoC4/cyfitter_cfg.c **** 
 373:Generated_Source\PSoC4/cyfitter_cfg.c **** 		/* Enable UDB array */
 374:Generated_Source\PSoC4/cyfitter_cfg.c **** 		CY_SET_XTND_REG8((void *)CYREG_UDB_UDBIF_WAIT_CFG, (uint8)((CY_GET_XTND_REG8((void *)CYREG_UDB_UD
 521              		.loc 1 374 0
 522 0126 224A     		ldr	r2, .L23+44
 523 0128 214B     		ldr	r3, .L23+44
 524 012a 1B78     		ldrb	r3, [r3]
 525 012c DBB2     		uxtb	r3, r3
 526 012e 3C21     		mov	r1, #60
 527 0130 8B43     		bic	r3, r1
 528 0132 DBB2     		uxtb	r3, r3
 529 0134 1421     		mov	r1, #20
 530 0136 0B43     		orr	r3, r1
 531 0138 DBB2     		uxtb	r3, r3
 532 013a 1370     		strb	r3, [r2]
 375:Generated_Source\PSoC4/cyfitter_cfg.c **** 		CY_SET_XTND_REG8((void *)CYREG_UDB_UDBIF_BANK_CTL, (uint8)(CY_GET_XTND_REG8((void *)CYREG_UDB_UDB
ARM GAS  C:\Users\jn\AppData\Local\Temp\cc8fvpsa.s 			page 17


 533              		.loc 1 375 0
 534 013c 1B4A     		ldr	r2, .L23+40
 535 013e 1B4B     		ldr	r3, .L23+40
 536 0140 1B78     		ldrb	r3, [r3]
 537 0142 DBB2     		uxtb	r3, r3
 538 0144 1621     		mov	r1, #22
 539 0146 0B43     		orr	r3, r1
 540 0148 DBB2     		uxtb	r3, r3
 541 014a 1370     		strb	r3, [r2]
 542              	.LBE3:
 376:Generated_Source\PSoC4/cyfitter_cfg.c **** 	}
 377:Generated_Source\PSoC4/cyfitter_cfg.c **** 
 378:Generated_Source\PSoC4/cyfitter_cfg.c **** 	/* Perform second pass device configuration. These items must be configured in specific order afte
 379:Generated_Source\PSoC4/cyfitter_cfg.c **** 	/* IOPINS0_0 Starting address: CYDEV_PRT0_BASE */
 380:Generated_Source\PSoC4/cyfitter_cfg.c **** 	CY_SET_XTND_REG32((void CYFAR *)(CYDEV_PRT0_BASE), 0x00000002u);
 543              		.loc 1 380 0
 544 014c 194B     		ldr	r3, .L23+48
 545 014e 0222     		mov	r2, #2
 546 0150 1A60     		str	r2, [r3]
 381:Generated_Source\PSoC4/cyfitter_cfg.c **** 	CY_SET_XTND_REG32((void CYFAR *)(CYREG_PRT0_PC2), 0x00000002u);
 547              		.loc 1 381 0
 548 0152 194B     		ldr	r3, .L23+52
 549 0154 0222     		mov	r2, #2
 550 0156 1A60     		str	r2, [r3]
 382:Generated_Source\PSoC4/cyfitter_cfg.c **** 
 383:Generated_Source\PSoC4/cyfitter_cfg.c **** 	/* IOPINS0_1 Starting address: CYDEV_PRT1_BASE */
 384:Generated_Source\PSoC4/cyfitter_cfg.c **** 	CY_SET_XTND_REG32((void CYFAR *)(CYREG_PRT1_PC), 0x000001B6u);
 551              		.loc 1 384 0
 552 0158 184B     		ldr	r3, .L23+56
 553 015a DB22     		mov	r2, #219
 554 015c 5200     		lsl	r2, r2, #1
 555 015e 1A60     		str	r2, [r3]
 385:Generated_Source\PSoC4/cyfitter_cfg.c **** 
 386:Generated_Source\PSoC4/cyfitter_cfg.c **** 	/* IOPINS0_2 Starting address: CYDEV_PRT2_BASE */
 387:Generated_Source\PSoC4/cyfitter_cfg.c **** 	CY_SET_XTND_REG32((void CYFAR *)(CYDEV_PRT2_BASE), 0x00000010u);
 556              		.loc 1 387 0
 557 0160 174B     		ldr	r3, .L23+60
 558 0162 1022     		mov	r2, #16
 559 0164 1A60     		str	r2, [r3]
 388:Generated_Source\PSoC4/cyfitter_cfg.c **** 	CY_SET_XTND_REG32((void CYFAR *)(CYREG_PRT2_PC), 0x000061B6u);
 560              		.loc 1 388 0
 561 0166 174B     		ldr	r3, .L23+64
 562 0168 174A     		ldr	r2, .L23+68
 563 016a 1A60     		str	r2, [r3]
 389:Generated_Source\PSoC4/cyfitter_cfg.c **** 
 390:Generated_Source\PSoC4/cyfitter_cfg.c **** 	/* IOPINS0_3 Starting address: CYDEV_PRT3_BASE */
 391:Generated_Source\PSoC4/cyfitter_cfg.c **** 	CY_SET_XTND_REG32((void CYFAR *)(CYREG_PRT3_PC), 0x00000D80u);
 564              		.loc 1 391 0
 565 016c 174B     		ldr	r3, .L23+72
 566 016e D822     		mov	r2, #216
 567 0170 1201     		lsl	r2, r2, #4
 568 0172 1A60     		str	r2, [r3]
 392:Generated_Source\PSoC4/cyfitter_cfg.c **** 
 393:Generated_Source\PSoC4/cyfitter_cfg.c **** 
 394:Generated_Source\PSoC4/cyfitter_cfg.c **** 	/* Setup clocks based on selections from Clock DWR */
 395:Generated_Source\PSoC4/cyfitter_cfg.c **** 	ClockSetup();
 569              		.loc 1 395 0
ARM GAS  C:\Users\jn\AppData\Local\Temp\cc8fvpsa.s 			page 18


 570 0174 FFF744FF 		bl	ClockSetup
 396:Generated_Source\PSoC4/cyfitter_cfg.c **** 
 397:Generated_Source\PSoC4/cyfitter_cfg.c **** 	/* Perform basic analog initialization to defaults */
 398:Generated_Source\PSoC4/cyfitter_cfg.c **** 	AnalogSetDefault();
 571              		.loc 1 398 0
 572 0178 FFF7FEFF 		bl	AnalogSetDefault
 399:Generated_Source\PSoC4/cyfitter_cfg.c **** 
 400:Generated_Source\PSoC4/cyfitter_cfg.c **** }
 573              		.loc 1 400 0
 574 017c BD46     		mov	sp, r7
 575 017e 02B0     		add	sp, sp, #8
 576              		@ sp needed
 577 0180 80BD     		pop	{r7, pc}
 578              	.L24:
 579 0182 C046     		.align	2
 580              	.L23:
 581 0184 00000000 		.word	cfg_memset_list.4754
 582 0188 0C000000 		.word	cy_cfg_addr_table.4748
 583 018c 20000000 		.word	cy_cfg_data_table.4749
 584 0190 00000140 		.word	1073807360
 585 0194 0C000140 		.word	1073807372
 586 0198 00500F40 		.word	1074745344
 587 019c 08500F40 		.word	1074745352
 588 01a0 10500F40 		.word	1074745360
 589 01a4 20500F40 		.word	1074745376
 590 01a8 30500F40 		.word	1074745392
 591 01ac 00700F40 		.word	1074753536
 592 01b0 01700F40 		.word	1074753537
 593 01b4 00000440 		.word	1074003968
 594 01b8 18000440 		.word	1074003992
 595 01bc 08010440 		.word	1074004232
 596 01c0 00020440 		.word	1074004480
 597 01c4 08020440 		.word	1074004488
 598 01c8 B6610000 		.word	25014
 599 01cc 08030440 		.word	1074004744
 600              		.cfi_endproc
 601              	.LFE7:
 602              		.size	cyfitter_cfg, .-cyfitter_cfg
 603              		.section	.rodata
 604              		.align	2
 605              		.type	cfg_memset_list.4754, %object
 606              		.size	cfg_memset_list.4754, 12
 607              	cfg_memset_list.4754:
 608 0000 00300F40 		.word	1074737152
 609 0004 0004     		.short	1024
 610 0006 00400F40 		.4byte	1074741248
 611 000a 0004     		.short	1024
 612              		.align	2
 613              		.type	cy_cfg_addr_table.4748, %object
 614              		.size	cy_cfg_addr_table.4748, 20
 615              	cy_cfg_addr_table.4748:
 616 000c 04300F40 		.word	1074737156
 617 0010 01310F40 		.word	1074737409
 618 0014 01330F40 		.word	1074737921
 619 0018 02400F40 		.word	1074741250
 620 001c 02410F40 		.word	1074741506
 621              		.align	2
ARM GAS  C:\Users\jn\AppData\Local\Temp\cc8fvpsa.s 			page 19


 622              		.type	cy_cfg_data_table.4749, %object
 623              		.size	cy_cfg_data_table.4749, 20
 624              	cy_cfg_data_table.4749:
 625 0020 32       		.byte	50
 626 0021 01       		.byte	1
 627 0022 3E       		.byte	62
 628 0023 04       		.byte	4
 629 0024 58       		.byte	88
 630 0025 04       		.byte	4
 631 0026 5F       		.byte	95
 632 0027 01       		.byte	1
 633 0028 1B       		.byte	27
 634 0029 04       		.byte	4
 635 002a AB       		.byte	-85
 636 002b 04       		.byte	4
 637 002c 57       		.byte	87
 638 002d 20       		.byte	32
 639 002e D4       		.byte	-44
 640 002f 40       		.byte	64
 641 0030 AB       		.byte	-85
 642 0031 20       		.byte	32
 643 0032 EE       		.byte	-18
 644 0033 20       		.byte	32
 645              		.text
 646              	.Letext0:
 647              		.file 2 "c:\\program files (x86)\\cypress\\psoc creator\\4.0\\psoc creator\\import\\gnu\\arm\\4.9.
 648              		.file 3 "Generated_Source\\PSoC4\\cytypes.h"
 649              		.section	.debug_info,"",%progbits
 650              	.Ldebug_info0:
 651 0000 87030000 		.4byte	0x387
 652 0004 0400     		.2byte	0x4
 653 0006 00000000 		.4byte	.Ldebug_abbrev0
 654 000a 04       		.byte	0x4
 655 000b 01       		.uleb128 0x1
 656 000c 65010000 		.4byte	.LASF43
 657 0010 01       		.byte	0x1
 658 0011 A5020000 		.4byte	.LASF44
 659 0015 A6000000 		.4byte	.LASF45
 660 0019 00000000 		.4byte	.Ldebug_ranges0+0
 661 001d 00000000 		.4byte	0
 662 0021 00000000 		.4byte	.Ldebug_line0
 663 0025 02       		.uleb128 0x2
 664 0026 04       		.byte	0x4
 665 0027 05       		.byte	0x5
 666 0028 696E7400 		.ascii	"int\000"
 667 002c 03       		.uleb128 0x3
 668 002d 16000000 		.4byte	.LASF11
 669 0031 02       		.byte	0x2
 670 0032 D4       		.byte	0xd4
 671 0033 37000000 		.4byte	0x37
 672 0037 04       		.uleb128 0x4
 673 0038 04       		.byte	0x4
 674 0039 07       		.byte	0x7
 675 003a F3010000 		.4byte	.LASF0
 676 003e 04       		.uleb128 0x4
 677 003f 01       		.byte	0x1
 678 0040 06       		.byte	0x6
ARM GAS  C:\Users\jn\AppData\Local\Temp\cc8fvpsa.s 			page 20


 679 0041 99020000 		.4byte	.LASF1
 680 0045 04       		.uleb128 0x4
 681 0046 01       		.byte	0x1
 682 0047 08       		.byte	0x8
 683 0048 0D010000 		.4byte	.LASF2
 684 004c 04       		.uleb128 0x4
 685 004d 02       		.byte	0x2
 686 004e 05       		.byte	0x5
 687 004f 7E020000 		.4byte	.LASF3
 688 0053 04       		.uleb128 0x4
 689 0054 02       		.byte	0x2
 690 0055 07       		.byte	0x7
 691 0056 3E020000 		.4byte	.LASF4
 692 005a 04       		.uleb128 0x4
 693 005b 04       		.byte	0x4
 694 005c 05       		.byte	0x5
 695 005d 90020000 		.4byte	.LASF5
 696 0061 04       		.uleb128 0x4
 697 0062 04       		.byte	0x4
 698 0063 07       		.byte	0x7
 699 0064 8E000000 		.4byte	.LASF6
 700 0068 04       		.uleb128 0x4
 701 0069 08       		.byte	0x8
 702 006a 05       		.byte	0x5
 703 006b 51020000 		.4byte	.LASF7
 704 006f 04       		.uleb128 0x4
 705 0070 08       		.byte	0x8
 706 0071 07       		.byte	0x7
 707 0072 08020000 		.4byte	.LASF8
 708 0076 04       		.uleb128 0x4
 709 0077 04       		.byte	0x4
 710 0078 07       		.byte	0x7
 711 0079 35020000 		.4byte	.LASF9
 712 007d 05       		.uleb128 0x5
 713 007e 04       		.byte	0x4
 714 007f 04       		.uleb128 0x4
 715 0080 01       		.byte	0x1
 716 0081 08       		.byte	0x8
 717 0082 5F020000 		.4byte	.LASF10
 718 0086 06       		.uleb128 0x6
 719 0087 A0000000 		.4byte	.LASF12
 720 008b 03       		.byte	0x3
 721 008c B901     		.2byte	0x1b9
 722 008e 45000000 		.4byte	0x45
 723 0092 06       		.uleb128 0x6
 724 0093 4C010000 		.4byte	.LASF13
 725 0097 03       		.byte	0x3
 726 0098 BA01     		.2byte	0x1ba
 727 009a 53000000 		.4byte	0x53
 728 009e 06       		.uleb128 0x6
 729 009f 5E010000 		.4byte	.LASF14
 730 00a3 03       		.byte	0x3
 731 00a4 BB01     		.2byte	0x1bb
 732 00a6 61000000 		.4byte	0x61
 733 00aa 04       		.uleb128 0x4
 734 00ab 04       		.byte	0x4
 735 00ac 04       		.byte	0x4
ARM GAS  C:\Users\jn\AppData\Local\Temp\cc8fvpsa.s 			page 21


 736 00ad 69000000 		.4byte	.LASF15
 737 00b1 04       		.uleb128 0x4
 738 00b2 08       		.byte	0x8
 739 00b3 04       		.byte	0x4
 740 00b4 1B010000 		.4byte	.LASF16
 741 00b8 06       		.uleb128 0x6
 742 00b9 89000000 		.4byte	.LASF17
 743 00bd 03       		.byte	0x3
 744 00be 6302     		.2byte	0x263
 745 00c0 C4000000 		.4byte	0xc4
 746 00c4 07       		.uleb128 0x7
 747 00c5 86000000 		.4byte	0x86
 748 00c9 06       		.uleb128 0x6
 749 00ca 10000000 		.4byte	.LASF18
 750 00ce 03       		.byte	0x3
 751 00cf 6502     		.2byte	0x265
 752 00d1 D5000000 		.4byte	0xd5
 753 00d5 07       		.uleb128 0x7
 754 00d6 9E000000 		.4byte	0x9e
 755 00da 08       		.uleb128 0x8
 756 00db 02       		.byte	0x2
 757 00dc 01       		.byte	0x1
 758 00dd 88       		.byte	0x88
 759 00de FB000000 		.4byte	0xfb
 760 00e2 09       		.uleb128 0x9
 761 00e3 77020000 		.4byte	.LASF19
 762 00e7 01       		.byte	0x1
 763 00e8 8A       		.byte	0x8a
 764 00e9 86000000 		.4byte	0x86
 765 00ed 00       		.byte	0
 766 00ee 09       		.uleb128 0x9
 767 00ef 2E000000 		.4byte	.LASF20
 768 00f3 01       		.byte	0x1
 769 00f4 8B       		.byte	0x8b
 770 00f5 86000000 		.4byte	0x86
 771 00f9 01       		.byte	0x1
 772 00fa 00       		.byte	0
 773 00fb 03       		.uleb128 0x3
 774 00fc 64020000 		.4byte	.LASF21
 775 0100 01       		.byte	0x1
 776 0101 8C       		.byte	0x8c
 777 0102 DA000000 		.4byte	0xda
 778 0106 0A       		.uleb128 0xa
 779 0107 ED000000 		.4byte	.LASF22
 780 010b 01       		.byte	0x1
 781 010c 3D       		.byte	0x3d
 782 010d 00000000 		.4byte	.LFB0
 783 0111 1E000000 		.4byte	.LFE0-.LFB0
 784 0115 01       		.uleb128 0x1
 785 0116 9C       		.byte	0x9c
 786 0117 34010000 		.4byte	0x134
 787 011b 0B       		.uleb128 0xb
 788 011c 7300     		.ascii	"s\000"
 789 011e 01       		.byte	0x1
 790 011f 3D       		.byte	0x3d
 791 0120 7D000000 		.4byte	0x7d
 792 0124 02       		.uleb128 0x2
ARM GAS  C:\Users\jn\AppData\Local\Temp\cc8fvpsa.s 			page 22


 793 0125 91       		.byte	0x91
 794 0126 74       		.sleb128 -12
 795 0127 0B       		.uleb128 0xb
 796 0128 6E00     		.ascii	"n\000"
 797 012a 01       		.byte	0x1
 798 012b 3D       		.byte	0x3d
 799 012c 2C000000 		.4byte	0x2c
 800 0130 02       		.uleb128 0x2
 801 0131 91       		.byte	0x91
 802 0132 70       		.sleb128 -16
 803 0133 00       		.byte	0
 804 0134 0A       		.uleb128 0xa
 805 0135 D4020000 		.4byte	.LASF23
 806 0139 01       		.byte	0x1
 807 013a 44       		.byte	0x44
 808 013b 00000000 		.4byte	.LFB1
 809 013f 22000000 		.4byte	.LFE1-.LFB1
 810 0143 01       		.uleb128 0x1
 811 0144 9C       		.byte	0x9c
 812 0145 72010000 		.4byte	0x172
 813 0149 0C       		.uleb128 0xc
 814 014a 6F000000 		.4byte	.LASF24
 815 014e 01       		.byte	0x1
 816 014f 44       		.byte	0x44
 817 0150 7D000000 		.4byte	0x7d
 818 0154 02       		.uleb128 0x2
 819 0155 91       		.byte	0x91
 820 0156 74       		.sleb128 -12
 821 0157 0B       		.uleb128 0xb
 822 0158 73726300 		.ascii	"src\000"
 823 015c 01       		.byte	0x1
 824 015d 44       		.byte	0x44
 825 015e 72010000 		.4byte	0x172
 826 0162 02       		.uleb128 0x2
 827 0163 91       		.byte	0x91
 828 0164 70       		.sleb128 -16
 829 0165 0B       		.uleb128 0xb
 830 0166 6E00     		.ascii	"n\000"
 831 0168 01       		.byte	0x1
 832 0169 44       		.byte	0x44
 833 016a 2C000000 		.4byte	0x2c
 834 016e 02       		.uleb128 0x2
 835 016f 91       		.byte	0x91
 836 0170 6C       		.sleb128 -20
 837 0171 00       		.byte	0
 838 0172 0D       		.uleb128 0xd
 839 0173 04       		.byte	0x4
 840 0174 78010000 		.4byte	0x178
 841 0178 0E       		.uleb128 0xe
 842 0179 0A       		.uleb128 0xa
 843 017a 00000000 		.4byte	.LASF25
 844 017e 01       		.byte	0x1
 845 017f 4B       		.byte	0x4b
 846 0180 00000000 		.4byte	.LFB2
 847 0184 22000000 		.4byte	.LFE2-.LFB2
 848 0188 01       		.uleb128 0x1
 849 0189 9C       		.byte	0x9c
ARM GAS  C:\Users\jn\AppData\Local\Temp\cc8fvpsa.s 			page 23


 850 018a B7010000 		.4byte	0x1b7
 851 018e 0C       		.uleb128 0xc
 852 018f 6F000000 		.4byte	.LASF24
 853 0193 01       		.byte	0x1
 854 0194 4B       		.byte	0x4b
 855 0195 7D000000 		.4byte	0x7d
 856 0199 02       		.uleb128 0x2
 857 019a 91       		.byte	0x91
 858 019b 74       		.sleb128 -12
 859 019c 0B       		.uleb128 0xb
 860 019d 73726300 		.ascii	"src\000"
 861 01a1 01       		.byte	0x1
 862 01a2 4B       		.byte	0x4b
 863 01a3 72010000 		.4byte	0x172
 864 01a7 02       		.uleb128 0x2
 865 01a8 91       		.byte	0x91
 866 01a9 70       		.sleb128 -16
 867 01aa 0B       		.uleb128 0xb
 868 01ab 6E00     		.ascii	"n\000"
 869 01ad 01       		.byte	0x1
 870 01ae 4B       		.byte	0x4b
 871 01af 2C000000 		.4byte	0x2c
 872 01b3 02       		.uleb128 0x2
 873 01b4 91       		.byte	0x91
 874 01b5 6C       		.sleb128 -20
 875 01b6 00       		.byte	0
 876 01b7 0F       		.uleb128 0xf
 877 01b8 22010000 		.4byte	.LASF26
 878 01bc 01       		.byte	0x1
 879 01bd 9F       		.byte	0x9f
 880 01be 00000000 		.4byte	.LFB3
 881 01c2 80000000 		.4byte	.LFE3-.LFB3
 882 01c6 01       		.uleb128 0x1
 883 01c7 9C       		.byte	0x9c
 884 01c8 27020000 		.4byte	0x227
 885 01cc 0C       		.uleb128 0xc
 886 01cd 41010000 		.4byte	.LASF27
 887 01d1 01       		.byte	0x1
 888 01d2 9F       		.byte	0x9f
 889 01d3 27020000 		.4byte	0x227
 890 01d7 02       		.uleb128 0x2
 891 01d8 91       		.byte	0x91
 892 01d9 64       		.sleb128 -28
 893 01da 0C       		.uleb128 0xc
 894 01db 53010000 		.4byte	.LASF28
 895 01df 01       		.byte	0x1
 896 01e0 9F       		.byte	0x9f
 897 01e1 32020000 		.4byte	0x232
 898 01e5 02       		.uleb128 0x2
 899 01e6 91       		.byte	0x91
 900 01e7 60       		.sleb128 -32
 901 01e8 10       		.uleb128 0x10
 902 01e9 6900     		.ascii	"i\000"
 903 01eb 01       		.byte	0x1
 904 01ec A2       		.byte	0xa2
 905 01ed 9E000000 		.4byte	0x9e
 906 01f1 02       		.uleb128 0x2
ARM GAS  C:\Users\jn\AppData\Local\Temp\cc8fvpsa.s 			page 24


 907 01f2 91       		.byte	0x91
 908 01f3 74       		.sleb128 -12
 909 01f4 10       		.uleb128 0x10
 910 01f5 6A00     		.ascii	"j\000"
 911 01f7 01       		.byte	0x1
 912 01f8 A2       		.byte	0xa2
 913 01f9 9E000000 		.4byte	0x9e
 914 01fd 02       		.uleb128 0x2
 915 01fe 91       		.byte	0x91
 916 01ff 70       		.sleb128 -16
 917 0200 11       		.uleb128 0x11
 918 0201 14000000 		.4byte	.LBB2
 919 0205 5A000000 		.4byte	.LBE2-.LBB2
 920 0209 12       		.uleb128 0x12
 921 020a 2C020000 		.4byte	.LASF29
 922 020e 01       		.byte	0x1
 923 020f A5       		.byte	0xa5
 924 0210 9E000000 		.4byte	0x9e
 925 0214 02       		.uleb128 0x2
 926 0215 91       		.byte	0x91
 927 0216 68       		.sleb128 -24
 928 0217 12       		.uleb128 0x12
 929 0218 34000000 		.4byte	.LASF30
 930 021c 01       		.byte	0x1
 931 021d A6       		.byte	0xa6
 932 021e 86000000 		.4byte	0x86
 933 0222 02       		.uleb128 0x2
 934 0223 91       		.byte	0x91
 935 0224 6F       		.sleb128 -17
 936 0225 00       		.byte	0
 937 0226 00       		.byte	0
 938 0227 0D       		.uleb128 0xd
 939 0228 04       		.byte	0x4
 940 0229 2D020000 		.4byte	0x22d
 941 022d 13       		.uleb128 0x13
 942 022e 9E000000 		.4byte	0x9e
 943 0232 0D       		.uleb128 0xd
 944 0233 04       		.byte	0x4
 945 0234 38020000 		.4byte	0x238
 946 0238 13       		.uleb128 0x13
 947 0239 FB000000 		.4byte	0xfb
 948 023d 14       		.uleb128 0x14
 949 023e 3A000000 		.4byte	.LASF31
 950 0242 01       		.byte	0x1
 951 0243 C4       		.byte	0xc4
 952 0244 00000000 		.4byte	.LFB4
 953 0248 74000000 		.4byte	.LFE4-.LFB4
 954 024c 01       		.uleb128 0x1
 955 024d 9C       		.byte	0x9c
 956 024e 14       		.uleb128 0x14
 957 024f 1D000000 		.4byte	.LASF32
 958 0253 01       		.byte	0x1
 959 0254 F5       		.byte	0xf5
 960 0255 00000000 		.4byte	.LFB5
 961 0259 1C000000 		.4byte	.LFE5-.LFB5
 962 025d 01       		.uleb128 0x1
 963 025e 9C       		.byte	0x9c
ARM GAS  C:\Users\jn\AppData\Local\Temp\cc8fvpsa.s 			page 25


 964 025f 15       		.uleb128 0x15
 965 0260 F7000000 		.4byte	.LASF35
 966 0264 01       		.byte	0x1
 967 0265 0C01     		.2byte	0x10c
 968 0267 00000000 		.4byte	.LFB6
 969 026b 40000000 		.4byte	.LFE6-.LFB6
 970 026f 01       		.uleb128 0x1
 971 0270 9C       		.byte	0x9c
 972 0271 94020000 		.4byte	0x294
 973 0275 16       		.uleb128 0x16
 974 0276 88020000 		.4byte	.LASF33
 975 027a 01       		.byte	0x1
 976 027b 0C01     		.2byte	0x10c
 977 027d 86000000 		.4byte	0x86
 978 0281 02       		.uleb128 0x2
 979 0282 91       		.byte	0x91
 980 0283 6F       		.sleb128 -17
 981 0284 17       		.uleb128 0x17
 982 0285 CB020000 		.4byte	.LASF34
 983 0289 01       		.byte	0x1
 984 028a 0E01     		.2byte	0x10e
 985 028c 9E000000 		.4byte	0x9e
 986 0290 02       		.uleb128 0x2
 987 0291 91       		.byte	0x91
 988 0292 74       		.sleb128 -12
 989 0293 00       		.byte	0
 990 0294 18       		.uleb128 0x18
 991 0295 34010000 		.4byte	.LASF36
 992 0299 01       		.byte	0x1
 993 029a 2E01     		.2byte	0x12e
 994 029c 74000000 		.4byte	.LFB7
 995 02a0 5C010000 		.4byte	.LFE7-.LFB7
 996 02a4 01       		.uleb128 0x1
 997 02a5 9C       		.byte	0x9c
 998 02a6 60030000 		.4byte	0x360
 999 02aa 11       		.uleb128 0x11
 1000 02ab 7C000000 		.4byte	.LBB3
 1001 02af D0000000 		.4byte	.LBE3-.LBB3
 1002 02b3 17       		.uleb128 0x17
 1003 02b4 45000000 		.4byte	.LASF37
 1004 02b8 01       		.byte	0x1
 1005 02b9 3401     		.2byte	0x134
 1006 02bb 70030000 		.4byte	0x370
 1007 02bf 05       		.uleb128 0x5
 1008 02c0 03       		.byte	0x3
 1009 02c1 0C000000 		.4byte	cy_cfg_addr_table.4748
 1010 02c5 17       		.uleb128 0x17
 1011 02c6 57000000 		.4byte	.LASF38
 1012 02ca 01       		.byte	0x1
 1013 02cb 3C01     		.2byte	0x13c
 1014 02cd 85030000 		.4byte	0x385
 1015 02d1 05       		.uleb128 0x5
 1016 02d2 03       		.byte	0x3
 1017 02d3 20000000 		.4byte	cy_cfg_data_table.4749
 1018 02d7 19       		.uleb128 0x19
 1019 02d8 06       		.byte	0x6
 1020 02d9 01       		.byte	0x1
ARM GAS  C:\Users\jn\AppData\Local\Temp\cc8fvpsa.s 			page 26


 1021 02da 4B01     		.2byte	0x14b
 1022 02dc FB020000 		.4byte	0x2fb
 1023 02e0 1A       		.uleb128 0x1a
 1024 02e1 00020000 		.4byte	.LASF39
 1025 02e5 01       		.byte	0x1
 1026 02e6 4C01     		.2byte	0x14c
 1027 02e8 7D000000 		.4byte	0x7d
 1028 02ec 00       		.byte	0
 1029 02ed 1A       		.uleb128 0x1a
 1030 02ee 84000000 		.4byte	.LASF40
 1031 02f2 01       		.byte	0x1
 1032 02f3 4D01     		.2byte	0x14d
 1033 02f5 92000000 		.4byte	0x92
 1034 02f9 04       		.byte	0x4
 1035 02fa 00       		.byte	0
 1036 02fb 06       		.uleb128 0x6
 1037 02fc 1F020000 		.4byte	.LASF41
 1038 0300 01       		.byte	0x1
 1039 0301 4E01     		.2byte	0x14e
 1040 0303 D7020000 		.4byte	0x2d7
 1041 0307 1B       		.uleb128 0x1b
 1042 0308 FB020000 		.4byte	0x2fb
 1043 030c 17030000 		.4byte	0x317
 1044 0310 1C       		.uleb128 0x1c
 1045 0311 76000000 		.4byte	0x76
 1046 0315 01       		.byte	0x1
 1047 0316 00       		.byte	0
 1048 0317 17       		.uleb128 0x17
 1049 0318 74000000 		.4byte	.LASF42
 1050 031c 01       		.byte	0x1
 1051 031d 5001     		.2byte	0x150
 1052 031f 29030000 		.4byte	0x329
 1053 0323 05       		.uleb128 0x5
 1054 0324 03       		.byte	0x3
 1055 0325 00000000 		.4byte	cfg_memset_list.4754
 1056 0329 13       		.uleb128 0x13
 1057 032a 07030000 		.4byte	0x307
 1058 032e 1D       		.uleb128 0x1d
 1059 032f 6900     		.ascii	"i\000"
 1060 0331 01       		.byte	0x1
 1061 0332 5601     		.2byte	0x156
 1062 0334 86000000 		.4byte	0x86
 1063 0338 02       		.uleb128 0x2
 1064 0339 91       		.byte	0x91
 1065 033a 77       		.sleb128 -9
 1066 033b 11       		.uleb128 0x11
 1067 033c 84000000 		.4byte	.LBB4
 1068 0340 3E000000 		.4byte	.LBE4-.LBB4
 1069 0344 1D       		.uleb128 0x1d
 1070 0345 6D7300   		.ascii	"ms\000"
 1071 0348 01       		.byte	0x1
 1072 0349 5B01     		.2byte	0x15b
 1073 034b 52030000 		.4byte	0x352
 1074 034f 02       		.uleb128 0x2
 1075 0350 91       		.byte	0x91
 1076 0351 70       		.sleb128 -16
 1077 0352 0D       		.uleb128 0xd
ARM GAS  C:\Users\jn\AppData\Local\Temp\cc8fvpsa.s 			page 27


 1078 0353 04       		.byte	0x4
 1079 0354 58030000 		.4byte	0x358
 1080 0358 13       		.uleb128 0x13
 1081 0359 FB020000 		.4byte	0x2fb
 1082 035d 00       		.byte	0
 1083 035e 00       		.byte	0
 1084 035f 00       		.byte	0
 1085 0360 1B       		.uleb128 0x1b
 1086 0361 9E000000 		.4byte	0x9e
 1087 0365 70030000 		.4byte	0x370
 1088 0369 1C       		.uleb128 0x1c
 1089 036a 76000000 		.4byte	0x76
 1090 036e 04       		.byte	0x4
 1091 036f 00       		.byte	0
 1092 0370 13       		.uleb128 0x13
 1093 0371 60030000 		.4byte	0x360
 1094 0375 1B       		.uleb128 0x1b
 1095 0376 FB000000 		.4byte	0xfb
 1096 037a 85030000 		.4byte	0x385
 1097 037e 1C       		.uleb128 0x1c
 1098 037f 76000000 		.4byte	0x76
 1099 0383 09       		.byte	0x9
 1100 0384 00       		.byte	0
 1101 0385 13       		.uleb128 0x13
 1102 0386 75030000 		.4byte	0x375
 1103 038a 00       		.byte	0
 1104              		.section	.debug_abbrev,"",%progbits
 1105              	.Ldebug_abbrev0:
 1106 0000 01       		.uleb128 0x1
 1107 0001 11       		.uleb128 0x11
 1108 0002 01       		.byte	0x1
 1109 0003 25       		.uleb128 0x25
 1110 0004 0E       		.uleb128 0xe
 1111 0005 13       		.uleb128 0x13
 1112 0006 0B       		.uleb128 0xb
 1113 0007 03       		.uleb128 0x3
 1114 0008 0E       		.uleb128 0xe
 1115 0009 1B       		.uleb128 0x1b
 1116 000a 0E       		.uleb128 0xe
 1117 000b 55       		.uleb128 0x55
 1118 000c 17       		.uleb128 0x17
 1119 000d 11       		.uleb128 0x11
 1120 000e 01       		.uleb128 0x1
 1121 000f 10       		.uleb128 0x10
 1122 0010 17       		.uleb128 0x17
 1123 0011 00       		.byte	0
 1124 0012 00       		.byte	0
 1125 0013 02       		.uleb128 0x2
 1126 0014 24       		.uleb128 0x24
 1127 0015 00       		.byte	0
 1128 0016 0B       		.uleb128 0xb
 1129 0017 0B       		.uleb128 0xb
 1130 0018 3E       		.uleb128 0x3e
 1131 0019 0B       		.uleb128 0xb
 1132 001a 03       		.uleb128 0x3
 1133 001b 08       		.uleb128 0x8
 1134 001c 00       		.byte	0
ARM GAS  C:\Users\jn\AppData\Local\Temp\cc8fvpsa.s 			page 28


 1135 001d 00       		.byte	0
 1136 001e 03       		.uleb128 0x3
 1137 001f 16       		.uleb128 0x16
 1138 0020 00       		.byte	0
 1139 0021 03       		.uleb128 0x3
 1140 0022 0E       		.uleb128 0xe
 1141 0023 3A       		.uleb128 0x3a
 1142 0024 0B       		.uleb128 0xb
 1143 0025 3B       		.uleb128 0x3b
 1144 0026 0B       		.uleb128 0xb
 1145 0027 49       		.uleb128 0x49
 1146 0028 13       		.uleb128 0x13
 1147 0029 00       		.byte	0
 1148 002a 00       		.byte	0
 1149 002b 04       		.uleb128 0x4
 1150 002c 24       		.uleb128 0x24
 1151 002d 00       		.byte	0
 1152 002e 0B       		.uleb128 0xb
 1153 002f 0B       		.uleb128 0xb
 1154 0030 3E       		.uleb128 0x3e
 1155 0031 0B       		.uleb128 0xb
 1156 0032 03       		.uleb128 0x3
 1157 0033 0E       		.uleb128 0xe
 1158 0034 00       		.byte	0
 1159 0035 00       		.byte	0
 1160 0036 05       		.uleb128 0x5
 1161 0037 0F       		.uleb128 0xf
 1162 0038 00       		.byte	0
 1163 0039 0B       		.uleb128 0xb
 1164 003a 0B       		.uleb128 0xb
 1165 003b 00       		.byte	0
 1166 003c 00       		.byte	0
 1167 003d 06       		.uleb128 0x6
 1168 003e 16       		.uleb128 0x16
 1169 003f 00       		.byte	0
 1170 0040 03       		.uleb128 0x3
 1171 0041 0E       		.uleb128 0xe
 1172 0042 3A       		.uleb128 0x3a
 1173 0043 0B       		.uleb128 0xb
 1174 0044 3B       		.uleb128 0x3b
 1175 0045 05       		.uleb128 0x5
 1176 0046 49       		.uleb128 0x49
 1177 0047 13       		.uleb128 0x13
 1178 0048 00       		.byte	0
 1179 0049 00       		.byte	0
 1180 004a 07       		.uleb128 0x7
 1181 004b 35       		.uleb128 0x35
 1182 004c 00       		.byte	0
 1183 004d 49       		.uleb128 0x49
 1184 004e 13       		.uleb128 0x13
 1185 004f 00       		.byte	0
 1186 0050 00       		.byte	0
 1187 0051 08       		.uleb128 0x8
 1188 0052 13       		.uleb128 0x13
 1189 0053 01       		.byte	0x1
 1190 0054 0B       		.uleb128 0xb
 1191 0055 0B       		.uleb128 0xb
ARM GAS  C:\Users\jn\AppData\Local\Temp\cc8fvpsa.s 			page 29


 1192 0056 3A       		.uleb128 0x3a
 1193 0057 0B       		.uleb128 0xb
 1194 0058 3B       		.uleb128 0x3b
 1195 0059 0B       		.uleb128 0xb
 1196 005a 01       		.uleb128 0x1
 1197 005b 13       		.uleb128 0x13
 1198 005c 00       		.byte	0
 1199 005d 00       		.byte	0
 1200 005e 09       		.uleb128 0x9
 1201 005f 0D       		.uleb128 0xd
 1202 0060 00       		.byte	0
 1203 0061 03       		.uleb128 0x3
 1204 0062 0E       		.uleb128 0xe
 1205 0063 3A       		.uleb128 0x3a
 1206 0064 0B       		.uleb128 0xb
 1207 0065 3B       		.uleb128 0x3b
 1208 0066 0B       		.uleb128 0xb
 1209 0067 49       		.uleb128 0x49
 1210 0068 13       		.uleb128 0x13
 1211 0069 38       		.uleb128 0x38
 1212 006a 0B       		.uleb128 0xb
 1213 006b 00       		.byte	0
 1214 006c 00       		.byte	0
 1215 006d 0A       		.uleb128 0xa
 1216 006e 2E       		.uleb128 0x2e
 1217 006f 01       		.byte	0x1
 1218 0070 03       		.uleb128 0x3
 1219 0071 0E       		.uleb128 0xe
 1220 0072 3A       		.uleb128 0x3a
 1221 0073 0B       		.uleb128 0xb
 1222 0074 3B       		.uleb128 0x3b
 1223 0075 0B       		.uleb128 0xb
 1224 0076 27       		.uleb128 0x27
 1225 0077 19       		.uleb128 0x19
 1226 0078 11       		.uleb128 0x11
 1227 0079 01       		.uleb128 0x1
 1228 007a 12       		.uleb128 0x12
 1229 007b 06       		.uleb128 0x6
 1230 007c 40       		.uleb128 0x40
 1231 007d 18       		.uleb128 0x18
 1232 007e 9642     		.uleb128 0x2116
 1233 0080 19       		.uleb128 0x19
 1234 0081 01       		.uleb128 0x1
 1235 0082 13       		.uleb128 0x13
 1236 0083 00       		.byte	0
 1237 0084 00       		.byte	0
 1238 0085 0B       		.uleb128 0xb
 1239 0086 05       		.uleb128 0x5
 1240 0087 00       		.byte	0
 1241 0088 03       		.uleb128 0x3
 1242 0089 08       		.uleb128 0x8
 1243 008a 3A       		.uleb128 0x3a
 1244 008b 0B       		.uleb128 0xb
 1245 008c 3B       		.uleb128 0x3b
 1246 008d 0B       		.uleb128 0xb
 1247 008e 49       		.uleb128 0x49
 1248 008f 13       		.uleb128 0x13
ARM GAS  C:\Users\jn\AppData\Local\Temp\cc8fvpsa.s 			page 30


 1249 0090 02       		.uleb128 0x2
 1250 0091 18       		.uleb128 0x18
 1251 0092 00       		.byte	0
 1252 0093 00       		.byte	0
 1253 0094 0C       		.uleb128 0xc
 1254 0095 05       		.uleb128 0x5
 1255 0096 00       		.byte	0
 1256 0097 03       		.uleb128 0x3
 1257 0098 0E       		.uleb128 0xe
 1258 0099 3A       		.uleb128 0x3a
 1259 009a 0B       		.uleb128 0xb
 1260 009b 3B       		.uleb128 0x3b
 1261 009c 0B       		.uleb128 0xb
 1262 009d 49       		.uleb128 0x49
 1263 009e 13       		.uleb128 0x13
 1264 009f 02       		.uleb128 0x2
 1265 00a0 18       		.uleb128 0x18
 1266 00a1 00       		.byte	0
 1267 00a2 00       		.byte	0
 1268 00a3 0D       		.uleb128 0xd
 1269 00a4 0F       		.uleb128 0xf
 1270 00a5 00       		.byte	0
 1271 00a6 0B       		.uleb128 0xb
 1272 00a7 0B       		.uleb128 0xb
 1273 00a8 49       		.uleb128 0x49
 1274 00a9 13       		.uleb128 0x13
 1275 00aa 00       		.byte	0
 1276 00ab 00       		.byte	0
 1277 00ac 0E       		.uleb128 0xe
 1278 00ad 26       		.uleb128 0x26
 1279 00ae 00       		.byte	0
 1280 00af 00       		.byte	0
 1281 00b0 00       		.byte	0
 1282 00b1 0F       		.uleb128 0xf
 1283 00b2 2E       		.uleb128 0x2e
 1284 00b3 01       		.byte	0x1
 1285 00b4 03       		.uleb128 0x3
 1286 00b5 0E       		.uleb128 0xe
 1287 00b6 3A       		.uleb128 0x3a
 1288 00b7 0B       		.uleb128 0xb
 1289 00b8 3B       		.uleb128 0x3b
 1290 00b9 0B       		.uleb128 0xb
 1291 00ba 27       		.uleb128 0x27
 1292 00bb 19       		.uleb128 0x19
 1293 00bc 11       		.uleb128 0x11
 1294 00bd 01       		.uleb128 0x1
 1295 00be 12       		.uleb128 0x12
 1296 00bf 06       		.uleb128 0x6
 1297 00c0 40       		.uleb128 0x40
 1298 00c1 18       		.uleb128 0x18
 1299 00c2 9742     		.uleb128 0x2117
 1300 00c4 19       		.uleb128 0x19
 1301 00c5 01       		.uleb128 0x1
 1302 00c6 13       		.uleb128 0x13
 1303 00c7 00       		.byte	0
 1304 00c8 00       		.byte	0
 1305 00c9 10       		.uleb128 0x10
ARM GAS  C:\Users\jn\AppData\Local\Temp\cc8fvpsa.s 			page 31


 1306 00ca 34       		.uleb128 0x34
 1307 00cb 00       		.byte	0
 1308 00cc 03       		.uleb128 0x3
 1309 00cd 08       		.uleb128 0x8
 1310 00ce 3A       		.uleb128 0x3a
 1311 00cf 0B       		.uleb128 0xb
 1312 00d0 3B       		.uleb128 0x3b
 1313 00d1 0B       		.uleb128 0xb
 1314 00d2 49       		.uleb128 0x49
 1315 00d3 13       		.uleb128 0x13
 1316 00d4 02       		.uleb128 0x2
 1317 00d5 18       		.uleb128 0x18
 1318 00d6 00       		.byte	0
 1319 00d7 00       		.byte	0
 1320 00d8 11       		.uleb128 0x11
 1321 00d9 0B       		.uleb128 0xb
 1322 00da 01       		.byte	0x1
 1323 00db 11       		.uleb128 0x11
 1324 00dc 01       		.uleb128 0x1
 1325 00dd 12       		.uleb128 0x12
 1326 00de 06       		.uleb128 0x6
 1327 00df 00       		.byte	0
 1328 00e0 00       		.byte	0
 1329 00e1 12       		.uleb128 0x12
 1330 00e2 34       		.uleb128 0x34
 1331 00e3 00       		.byte	0
 1332 00e4 03       		.uleb128 0x3
 1333 00e5 0E       		.uleb128 0xe
 1334 00e6 3A       		.uleb128 0x3a
 1335 00e7 0B       		.uleb128 0xb
 1336 00e8 3B       		.uleb128 0x3b
 1337 00e9 0B       		.uleb128 0xb
 1338 00ea 49       		.uleb128 0x49
 1339 00eb 13       		.uleb128 0x13
 1340 00ec 02       		.uleb128 0x2
 1341 00ed 18       		.uleb128 0x18
 1342 00ee 00       		.byte	0
 1343 00ef 00       		.byte	0
 1344 00f0 13       		.uleb128 0x13
 1345 00f1 26       		.uleb128 0x26
 1346 00f2 00       		.byte	0
 1347 00f3 49       		.uleb128 0x49
 1348 00f4 13       		.uleb128 0x13
 1349 00f5 00       		.byte	0
 1350 00f6 00       		.byte	0
 1351 00f7 14       		.uleb128 0x14
 1352 00f8 2E       		.uleb128 0x2e
 1353 00f9 00       		.byte	0
 1354 00fa 03       		.uleb128 0x3
 1355 00fb 0E       		.uleb128 0xe
 1356 00fc 3A       		.uleb128 0x3a
 1357 00fd 0B       		.uleb128 0xb
 1358 00fe 3B       		.uleb128 0x3b
 1359 00ff 0B       		.uleb128 0xb
 1360 0100 27       		.uleb128 0x27
 1361 0101 19       		.uleb128 0x19
 1362 0102 11       		.uleb128 0x11
ARM GAS  C:\Users\jn\AppData\Local\Temp\cc8fvpsa.s 			page 32


 1363 0103 01       		.uleb128 0x1
 1364 0104 12       		.uleb128 0x12
 1365 0105 06       		.uleb128 0x6
 1366 0106 40       		.uleb128 0x40
 1367 0107 18       		.uleb128 0x18
 1368 0108 9642     		.uleb128 0x2116
 1369 010a 19       		.uleb128 0x19
 1370 010b 00       		.byte	0
 1371 010c 00       		.byte	0
 1372 010d 15       		.uleb128 0x15
 1373 010e 2E       		.uleb128 0x2e
 1374 010f 01       		.byte	0x1
 1375 0110 3F       		.uleb128 0x3f
 1376 0111 19       		.uleb128 0x19
 1377 0112 03       		.uleb128 0x3
 1378 0113 0E       		.uleb128 0xe
 1379 0114 3A       		.uleb128 0x3a
 1380 0115 0B       		.uleb128 0xb
 1381 0116 3B       		.uleb128 0x3b
 1382 0117 05       		.uleb128 0x5
 1383 0118 27       		.uleb128 0x27
 1384 0119 19       		.uleb128 0x19
 1385 011a 11       		.uleb128 0x11
 1386 011b 01       		.uleb128 0x1
 1387 011c 12       		.uleb128 0x12
 1388 011d 06       		.uleb128 0x6
 1389 011e 40       		.uleb128 0x40
 1390 011f 18       		.uleb128 0x18
 1391 0120 9742     		.uleb128 0x2117
 1392 0122 19       		.uleb128 0x19
 1393 0123 01       		.uleb128 0x1
 1394 0124 13       		.uleb128 0x13
 1395 0125 00       		.byte	0
 1396 0126 00       		.byte	0
 1397 0127 16       		.uleb128 0x16
 1398 0128 05       		.uleb128 0x5
 1399 0129 00       		.byte	0
 1400 012a 03       		.uleb128 0x3
 1401 012b 0E       		.uleb128 0xe
 1402 012c 3A       		.uleb128 0x3a
 1403 012d 0B       		.uleb128 0xb
 1404 012e 3B       		.uleb128 0x3b
 1405 012f 05       		.uleb128 0x5
 1406 0130 49       		.uleb128 0x49
 1407 0131 13       		.uleb128 0x13
 1408 0132 02       		.uleb128 0x2
 1409 0133 18       		.uleb128 0x18
 1410 0134 00       		.byte	0
 1411 0135 00       		.byte	0
 1412 0136 17       		.uleb128 0x17
 1413 0137 34       		.uleb128 0x34
 1414 0138 00       		.byte	0
 1415 0139 03       		.uleb128 0x3
 1416 013a 0E       		.uleb128 0xe
 1417 013b 3A       		.uleb128 0x3a
 1418 013c 0B       		.uleb128 0xb
 1419 013d 3B       		.uleb128 0x3b
ARM GAS  C:\Users\jn\AppData\Local\Temp\cc8fvpsa.s 			page 33


 1420 013e 05       		.uleb128 0x5
 1421 013f 49       		.uleb128 0x49
 1422 0140 13       		.uleb128 0x13
 1423 0141 02       		.uleb128 0x2
 1424 0142 18       		.uleb128 0x18
 1425 0143 00       		.byte	0
 1426 0144 00       		.byte	0
 1427 0145 18       		.uleb128 0x18
 1428 0146 2E       		.uleb128 0x2e
 1429 0147 01       		.byte	0x1
 1430 0148 3F       		.uleb128 0x3f
 1431 0149 19       		.uleb128 0x19
 1432 014a 03       		.uleb128 0x3
 1433 014b 0E       		.uleb128 0xe
 1434 014c 3A       		.uleb128 0x3a
 1435 014d 0B       		.uleb128 0xb
 1436 014e 3B       		.uleb128 0x3b
 1437 014f 05       		.uleb128 0x5
 1438 0150 27       		.uleb128 0x27
 1439 0151 19       		.uleb128 0x19
 1440 0152 11       		.uleb128 0x11
 1441 0153 01       		.uleb128 0x1
 1442 0154 12       		.uleb128 0x12
 1443 0155 06       		.uleb128 0x6
 1444 0156 40       		.uleb128 0x40
 1445 0157 18       		.uleb128 0x18
 1446 0158 9642     		.uleb128 0x2116
 1447 015a 19       		.uleb128 0x19
 1448 015b 01       		.uleb128 0x1
 1449 015c 13       		.uleb128 0x13
 1450 015d 00       		.byte	0
 1451 015e 00       		.byte	0
 1452 015f 19       		.uleb128 0x19
 1453 0160 13       		.uleb128 0x13
 1454 0161 01       		.byte	0x1
 1455 0162 0B       		.uleb128 0xb
 1456 0163 0B       		.uleb128 0xb
 1457 0164 3A       		.uleb128 0x3a
 1458 0165 0B       		.uleb128 0xb
 1459 0166 3B       		.uleb128 0x3b
 1460 0167 05       		.uleb128 0x5
 1461 0168 01       		.uleb128 0x1
 1462 0169 13       		.uleb128 0x13
 1463 016a 00       		.byte	0
 1464 016b 00       		.byte	0
 1465 016c 1A       		.uleb128 0x1a
 1466 016d 0D       		.uleb128 0xd
 1467 016e 00       		.byte	0
 1468 016f 03       		.uleb128 0x3
 1469 0170 0E       		.uleb128 0xe
 1470 0171 3A       		.uleb128 0x3a
 1471 0172 0B       		.uleb128 0xb
 1472 0173 3B       		.uleb128 0x3b
 1473 0174 05       		.uleb128 0x5
 1474 0175 49       		.uleb128 0x49
 1475 0176 13       		.uleb128 0x13
 1476 0177 38       		.uleb128 0x38
ARM GAS  C:\Users\jn\AppData\Local\Temp\cc8fvpsa.s 			page 34


 1477 0178 0B       		.uleb128 0xb
 1478 0179 00       		.byte	0
 1479 017a 00       		.byte	0
 1480 017b 1B       		.uleb128 0x1b
 1481 017c 01       		.uleb128 0x1
 1482 017d 01       		.byte	0x1
 1483 017e 49       		.uleb128 0x49
 1484 017f 13       		.uleb128 0x13
 1485 0180 01       		.uleb128 0x1
 1486 0181 13       		.uleb128 0x13
 1487 0182 00       		.byte	0
 1488 0183 00       		.byte	0
 1489 0184 1C       		.uleb128 0x1c
 1490 0185 21       		.uleb128 0x21
 1491 0186 00       		.byte	0
 1492 0187 49       		.uleb128 0x49
 1493 0188 13       		.uleb128 0x13
 1494 0189 2F       		.uleb128 0x2f
 1495 018a 0B       		.uleb128 0xb
 1496 018b 00       		.byte	0
 1497 018c 00       		.byte	0
 1498 018d 1D       		.uleb128 0x1d
 1499 018e 34       		.uleb128 0x34
 1500 018f 00       		.byte	0
 1501 0190 03       		.uleb128 0x3
 1502 0191 08       		.uleb128 0x8
 1503 0192 3A       		.uleb128 0x3a
 1504 0193 0B       		.uleb128 0xb
 1505 0194 3B       		.uleb128 0x3b
 1506 0195 05       		.uleb128 0x5
 1507 0196 49       		.uleb128 0x49
 1508 0197 13       		.uleb128 0x13
 1509 0198 02       		.uleb128 0x2
 1510 0199 18       		.uleb128 0x18
 1511 019a 00       		.byte	0
 1512 019b 00       		.byte	0
 1513 019c 00       		.byte	0
 1514              		.section	.debug_aranges,"",%progbits
 1515 0000 54000000 		.4byte	0x54
 1516 0004 0200     		.2byte	0x2
 1517 0006 00000000 		.4byte	.Ldebug_info0
 1518 000a 04       		.byte	0x4
 1519 000b 00       		.byte	0
 1520 000c 0000     		.2byte	0
 1521 000e 0000     		.2byte	0
 1522 0010 00000000 		.4byte	.LFB0
 1523 0014 1E000000 		.4byte	.LFE0-.LFB0
 1524 0018 00000000 		.4byte	.LFB1
 1525 001c 22000000 		.4byte	.LFE1-.LFB1
 1526 0020 00000000 		.4byte	.LFB2
 1527 0024 22000000 		.4byte	.LFE2-.LFB2
 1528 0028 00000000 		.4byte	.LFB3
 1529 002c 80000000 		.4byte	.LFE3-.LFB3
 1530 0030 00000000 		.4byte	.LFB4
 1531 0034 74000000 		.4byte	.LFE4-.LFB4
 1532 0038 00000000 		.4byte	.LFB5
 1533 003c 1C000000 		.4byte	.LFE5-.LFB5
ARM GAS  C:\Users\jn\AppData\Local\Temp\cc8fvpsa.s 			page 35


 1534 0040 00000000 		.4byte	.LFB6
 1535 0044 40000000 		.4byte	.LFE6-.LFB6
 1536 0048 74000000 		.4byte	.LFB7
 1537 004c 5C010000 		.4byte	.LFE7-.LFB7
 1538 0050 00000000 		.4byte	0
 1539 0054 00000000 		.4byte	0
 1540              		.section	.debug_ranges,"",%progbits
 1541              	.Ldebug_ranges0:
 1542 0000 00000000 		.4byte	.LFB0
 1543 0004 1E000000 		.4byte	.LFE0
 1544 0008 00000000 		.4byte	.LFB1
 1545 000c 22000000 		.4byte	.LFE1
 1546 0010 00000000 		.4byte	.LFB2
 1547 0014 22000000 		.4byte	.LFE2
 1548 0018 00000000 		.4byte	.LFB3
 1549 001c 80000000 		.4byte	.LFE3
 1550 0020 00000000 		.4byte	.LFB4
 1551 0024 74000000 		.4byte	.LFE4
 1552 0028 00000000 		.4byte	.LFB5
 1553 002c 1C000000 		.4byte	.LFE5
 1554 0030 00000000 		.4byte	.LFB6
 1555 0034 40000000 		.4byte	.LFE6
 1556 0038 74000000 		.4byte	.LFB7
 1557 003c D0010000 		.4byte	.LFE7
 1558 0040 00000000 		.4byte	0
 1559 0044 00000000 		.4byte	0
 1560              		.section	.debug_line,"",%progbits
 1561              	.Ldebug_line0:
 1562 0000 A6010000 		.section	.debug_str,"MS",%progbits,1
 1562      0200CB00 
 1562      00000201 
 1562      FB0E0D00 
 1562      01010101 
 1563              	.LASF25:
 1564 0000 4359434F 		.ascii	"CYCONFIGCPYCODE\000"
 1564      4E464947 
 1564      43505943 
 1564      4F444500 
 1565              	.LASF18:
 1566 0010 72656733 		.ascii	"reg32\000"
 1566      3200
 1567              	.LASF11:
 1568 0016 73697A65 		.ascii	"size_t\000"
 1568      5F7400
 1569              	.LASF32:
 1570 001d 416E616C 		.ascii	"AnalogSetDefault\000"
 1570      6F675365 
 1570      74446566 
 1570      61756C74 
 1570      00
 1571              	.LASF20:
 1572 002e 76616C75 		.ascii	"value\000"
 1572      6500
 1573              	.LASF30:
 1574 0034 636F756E 		.ascii	"count\000"
 1574      7400
 1575              	.LASF31:
ARM GAS  C:\Users\jn\AppData\Local\Temp\cc8fvpsa.s 			page 36


 1576 003a 436C6F63 		.ascii	"ClockSetup\000"
 1576      6B536574 
 1576      757000
 1577              	.LASF37:
 1578 0045 63795F63 		.ascii	"cy_cfg_addr_table\000"
 1578      66675F61 
 1578      6464725F 
 1578      7461626C 
 1578      6500
 1579              	.LASF38:
 1580 0057 63795F63 		.ascii	"cy_cfg_data_table\000"
 1580      66675F64 
 1580      6174615F 
 1580      7461626C 
 1580      6500
 1581              	.LASF15:
 1582 0069 666C6F61 		.ascii	"float\000"
 1582      7400
 1583              	.LASF24:
 1584 006f 64657374 		.ascii	"dest\000"
 1584      00
 1585              	.LASF42:
 1586 0074 6366675F 		.ascii	"cfg_memset_list\000"
 1586      6D656D73 
 1586      65745F6C 
 1586      69737400 
 1587              	.LASF40:
 1588 0084 73697A65 		.ascii	"size\000"
 1588      00
 1589              	.LASF17:
 1590 0089 72656738 		.ascii	"reg8\000"
 1590      00
 1591              	.LASF6:
 1592 008e 6C6F6E67 		.ascii	"long unsigned int\000"
 1592      20756E73 
 1592      69676E65 
 1592      6420696E 
 1592      7400
 1593              	.LASF12:
 1594 00a0 75696E74 		.ascii	"uint8\000"
 1594      3800
 1595              	.LASF45:
 1596 00a6 5A3A5C45 		.ascii	"Z:\\Electronics Win7\\PSoC projects\\FV-1 Controlle"
 1596      6C656374 
 1596      726F6E69 
 1596      63732057 
 1596      696E375C 
 1597 00d6 725C6676 		.ascii	"r\\fv1_controller.cydsn\000"
 1597      315F636F 
 1597      6E74726F 
 1597      6C6C6572 
 1597      2E637964 
 1598              	.LASF22:
 1599 00ed 43594D45 		.ascii	"CYMEMZERO\000"
 1599      4D5A4552 
 1599      4F00
 1600              	.LASF35:
ARM GAS  C:\Users\jn\AppData\Local\Temp\cc8fvpsa.s 			page 37


 1601 00f7 53657441 		.ascii	"SetAnalogRoutingPumps\000"
 1601      6E616C6F 
 1601      67526F75 
 1601      74696E67 
 1601      50756D70 
 1602              	.LASF2:
 1603 010d 756E7369 		.ascii	"unsigned char\000"
 1603      676E6564 
 1603      20636861 
 1603      7200
 1604              	.LASF16:
 1605 011b 646F7562 		.ascii	"double\000"
 1605      6C6500
 1606              	.LASF26:
 1607 0122 6366675F 		.ascii	"cfg_write_bytes32\000"
 1607      77726974 
 1607      655F6279 
 1607      74657333 
 1607      3200
 1608              	.LASF36:
 1609 0134 63796669 		.ascii	"cyfitter_cfg\000"
 1609      74746572 
 1609      5F636667 
 1609      00
 1610              	.LASF27:
 1611 0141 61646472 		.ascii	"addr_table\000"
 1611      5F746162 
 1611      6C6500
 1612              	.LASF13:
 1613 014c 75696E74 		.ascii	"uint16\000"
 1613      313600
 1614              	.LASF28:
 1615 0153 64617461 		.ascii	"data_table\000"
 1615      5F746162 
 1615      6C6500
 1616              	.LASF14:
 1617 015e 75696E74 		.ascii	"uint32\000"
 1617      333200
 1618              	.LASF43:
 1619 0165 474E5520 		.ascii	"GNU C 4.9.3 20150303 (release) [ARM/embedded-4_9-br"
 1619      4320342E 
 1619      392E3320 
 1619      32303135 
 1619      30333033 
 1620 0198 616E6368 		.ascii	"anch revision 221220] -mcpu=cortex-m0 -mthumb -g -O"
 1620      20726576 
 1620      6973696F 
 1620      6E203232 
 1620      31323230 
 1621 01cb 30202D66 		.ascii	"0 -ffunction-sections -ffat-lto-objects\000"
 1621      66756E63 
 1621      74696F6E 
 1621      2D736563 
 1621      74696F6E 
 1622              	.LASF0:
 1623 01f3 756E7369 		.ascii	"unsigned int\000"
 1623      676E6564 
ARM GAS  C:\Users\jn\AppData\Local\Temp\cc8fvpsa.s 			page 38


 1623      20696E74 
 1623      00
 1624              	.LASF39:
 1625 0200 61646472 		.ascii	"address\000"
 1625      65737300 
 1626              	.LASF8:
 1627 0208 6C6F6E67 		.ascii	"long long unsigned int\000"
 1627      206C6F6E 
 1627      6720756E 
 1627      7369676E 
 1627      65642069 
 1628              	.LASF41:
 1629 021f 6366675F 		.ascii	"cfg_memset_t\000"
 1629      6D656D73 
 1629      65745F74 
 1629      00
 1630              	.LASF29:
 1631 022c 62617365 		.ascii	"baseAddr\000"
 1631      41646472 
 1631      00
 1632              	.LASF9:
 1633 0235 73697A65 		.ascii	"sizetype\000"
 1633      74797065 
 1633      00
 1634              	.LASF4:
 1635 023e 73686F72 		.ascii	"short unsigned int\000"
 1635      7420756E 
 1635      7369676E 
 1635      65642069 
 1635      6E7400
 1636              	.LASF7:
 1637 0251 6C6F6E67 		.ascii	"long long int\000"
 1637      206C6F6E 
 1637      6720696E 
 1637      7400
 1638              	.LASF10:
 1639 025f 63686172 		.ascii	"char\000"
 1639      00
 1640              	.LASF21:
 1641 0264 63795F63 		.ascii	"cy_cfg_addrvalue_t\000"
 1641      66675F61 
 1641      64647276 
 1641      616C7565 
 1641      5F7400
 1642              	.LASF19:
 1643 0277 6F666673 		.ascii	"offset\000"
 1643      657400
 1644              	.LASF3:
 1645 027e 73686F72 		.ascii	"short int\000"
 1645      7420696E 
 1645      7400
 1646              	.LASF33:
 1647 0288 656E6162 		.ascii	"enabled\000"
 1647      6C656400 
 1648              	.LASF5:
 1649 0290 6C6F6E67 		.ascii	"long int\000"
 1649      20696E74 
ARM GAS  C:\Users\jn\AppData\Local\Temp\cc8fvpsa.s 			page 39


 1649      00
 1650              	.LASF1:
 1651 0299 7369676E 		.ascii	"signed char\000"
 1651      65642063 
 1651      68617200 
 1652              	.LASF44:
 1653 02a5 47656E65 		.ascii	"Generated_Source\\PSoC4\\cyfitter_cfg.c\000"
 1653      72617465 
 1653      645F536F 
 1653      75726365 
 1653      5C50536F 
 1654              	.LASF34:
 1655 02cb 72656756 		.ascii	"regValue\000"
 1655      616C7565 
 1655      00
 1656              	.LASF23:
 1657 02d4 4359434F 		.ascii	"CYCONFIGCPY\000"
 1657      4E464947 
 1657      43505900 
 1658              		.ident	"GCC: (GNU Tools for ARM Embedded Processors) 4.9.3 20150303 (release) [ARM/embedded-4_9-br
