ARM GAS  C:\Users\jn\AppData\Local\Temp\ccb1sqtA.s 			page 1


   1              		.cpu cortex-m0
   2              		.fpu softvfp
   3              		.eabi_attribute 20, 1
   4              		.eabi_attribute 21, 1
   5              		.eabi_attribute 23, 3
   6              		.eabi_attribute 24, 1
   7              		.eabi_attribute 25, 1
   8              		.eabi_attribute 26, 1
   9              		.eabi_attribute 30, 6
  10              		.eabi_attribute 34, 0
  11              		.eabi_attribute 18, 4
  12              		.code	16
  13              		.file	"main.c"
  14              		.text
  15              	.Ltext0:
  16              		.cfi_sections	.debug_frame
  17              		.comm	curPos,2,2
  18              		.section	.text.InterruptHandler,"ax",%progbits
  19              		.align	2
  20              		.global	InterruptHandler
  21              		.code	16
  22              		.thumb_func
  23              		.type	InterruptHandler, %function
  24              	InterruptHandler:
  25              	.LFB34:
  26              		.file 1 "main.c"
   1:main.c        **** /*******************************************************************************
   2:main.c        **** * File Name: main.c
   3:main.c        **** *
   4:main.c        **** * Version: 2.00
   5:main.c        **** *
   6:main.c        **** * Description:
   7:main.c        **** *  JNFX DSP controller, PWM and status
   8:main.c        **** *  mode) component.
   9:main.c        **** *
  10:main.c        **** ********************************************************************************
  11:main.c        **** * Copyright 2013-2014, Cypress Semiconductor Corporation. All rights reserved.
  12:main.c        **** * This software is owned by Cypress Semiconductor Corporation and is protected
  13:main.c        **** * by and subject to worldwide patent and copyright laws and treaties.
  14:main.c        **** * Therefore, you may use this software only as provided in the license agreement
  15:main.c        **** * accompanying the software package from which you obtained this software.
  16:main.c        **** * CYPRESS AND ITS SUPPLIERS MAKE NO WARRANTY OF ANY KIND, EXPRESS OR IMPLIED,
  17:main.c        **** * WITH REGARD TO THIS SOFTWARE, INCLUDING, BUT NOT LIMITED TO, NONINFRINGEMENT,
  18:main.c        **** * IMPLIED WARRANTIES OF MERCHANTABILITY AND FITNESS FOR A PARTICULAR PURPOSE.
  19:main.c        **** *******************************************************************************/
  20:main.c        **** 
  21:main.c        **** #include <project.h>
  22:main.c        **** 
  23:main.c        **** #define BRIGHTNESS_DECREASE         (100u)
  24:main.c        **** 
  25:main.c        **** uint16 curPos;
  26:main.c        **** 
  27:main.c        **** 
  28:main.c        **** /*******************************************************************************
  29:main.c        **** * Define Interrupt service routine and allocate an vector to the Interrupt
  30:main.c        **** ********************************************************************************/
  31:main.c        **** CY_ISR(InterruptHandler)
ARM GAS  C:\Users\jn\AppData\Local\Temp\ccb1sqtA.s 			page 2


  32:main.c        **** {
  27              		.loc 1 32 0
  28              		.cfi_startproc
  29 0000 80B5     		push	{r7, lr}
  30              		.cfi_def_cfa_offset 8
  31              		.cfi_offset 7, -8
  32              		.cfi_offset 14, -4
  33 0002 00AF     		add	r7, sp, #0
  34              		.cfi_def_cfa_register 7
  33:main.c        **** 	/* Clear TC Inerrupt */
  34:main.c        **** //   	PWM_ClearInterrupt(PWM_INTR_MASK_TC);
  35:main.c        ****     
  36:main.c        **** 	/* Increment the Compare for LED brighrness decrease */ 
  37:main.c        **** //    PWM_WriteCompare(PWM_ReadCompare() + BRIGHTNESS_DECREASE);
  38:main.c        **** }
  35              		.loc 1 38 0
  36 0004 BD46     		mov	sp, r7
  37              		@ sp needed
  38 0006 80BD     		pop	{r7, pc}
  39              		.cfi_endproc
  40              	.LFE34:
  41              		.size	InterruptHandler, .-InterruptHandler
  42              		.section	.text.main,"ax",%progbits
  43              		.align	2
  44              		.global	main
  45              		.code	16
  46              		.thumb_func
  47              		.type	main, %function
  48              	main:
  49              	.LFB35:
  39:main.c        **** 
  40:main.c        **** int main()
  41:main.c        **** {   
  50              		.loc 1 41 0
  51              		.cfi_startproc
  52 0000 80B5     		push	{r7, lr}
  53              		.cfi_def_cfa_offset 8
  54              		.cfi_offset 7, -8
  55              		.cfi_offset 14, -4
  56 0002 82B0     		sub	sp, sp, #8
  57              		.cfi_def_cfa_offset 16
  58 0004 00AF     		add	r7, sp, #0
  59              		.cfi_def_cfa_register 7
  42:main.c        ****     #if (CY_PSOC4_4000)
  43:main.c        ****         CySysWdtDisable();
  44:main.c        ****     #endif /* (CY_PSOC4_4000) */
  45:main.c        ****     
  46:main.c        ****     CyDelay(50u);
  60              		.loc 1 46 0
  61 0006 3220     		mov	r0, #50
  62 0008 FFF7FEFF 		bl	CyDelay
  47:main.c        ****     
  48:main.c        ****     /* Enable the global interrupt */
  49:main.c        ****     CyGlobalIntEnable;
  63              		.loc 1 49 0
  64              	@ 49 "main.c" 1
  65 000c 62B6     		CPSIE   i
ARM GAS  C:\Users\jn\AppData\Local\Temp\ccb1sqtA.s 			page 3


  66              	@ 0 "" 2
  50:main.c        ****  
  51:main.c        ****     /* Enable the Interrupt component connected to interrupt */
  52:main.c        **** //    TC_ISR_StartEx(InterruptHandler);
  53:main.c        **** 
  54:main.c        ****     D3_Write(! D3_Read() );
  67              		.loc 1 54 0
  68              		.code	16
  69 000e FFF7FEFF 		bl	D3_Read
  70 0012 031C     		mov	r3, r0
  71 0014 5A42     		neg	r2, r3
  72 0016 5341     		adc	r3, r3, r2
  73 0018 DBB2     		uxtb	r3, r3
  74 001a 181C     		mov	r0, r3
  75 001c FFF7FEFF 		bl	D3_Write
  55:main.c        ****     CyDelay( 50 );
  76              		.loc 1 55 0
  77 0020 3220     		mov	r0, #50
  78 0022 FFF7FEFF 		bl	CyDelay
  56:main.c        ****     D3_Write(! D3_Read() );
  79              		.loc 1 56 0
  80 0026 FFF7FEFF 		bl	D3_Read
  81 002a 031C     		mov	r3, r0
  82 002c 5A42     		neg	r2, r3
  83 002e 5341     		adc	r3, r3, r2
  84 0030 DBB2     		uxtb	r3, r3
  85 0032 181C     		mov	r0, r3
  86 0034 FFF7FEFF 		bl	D3_Write
  57:main.c        ****     CyDelay( 100 );
  87              		.loc 1 57 0
  88 0038 6420     		mov	r0, #100
  89 003a FFF7FEFF 		bl	CyDelay
  58:main.c        ****     D4_Write(! D4_Read() );
  90              		.loc 1 58 0
  91 003e FFF7FEFF 		bl	D4_Read
  92 0042 031C     		mov	r3, r0
  93 0044 5A42     		neg	r2, r3
  94 0046 5341     		adc	r3, r3, r2
  95 0048 DBB2     		uxtb	r3, r3
  96 004a 181C     		mov	r0, r3
  97 004c FFF7FEFF 		bl	D4_Write
  59:main.c        ****     CyDelay( 50 );
  98              		.loc 1 59 0
  99 0050 3220     		mov	r0, #50
 100 0052 FFF7FEFF 		bl	CyDelay
  60:main.c        ****     D4_Write(! D4_Read() );
 101              		.loc 1 60 0
 102 0056 FFF7FEFF 		bl	D4_Read
 103 005a 031C     		mov	r3, r0
 104 005c 5A42     		neg	r2, r3
 105 005e 5341     		adc	r3, r3, r2
 106 0060 DBB2     		uxtb	r3, r3
 107 0062 181C     		mov	r0, r3
 108 0064 FFF7FEFF 		bl	D4_Write
  61:main.c        ****     CyDelay( 50 );
 109              		.loc 1 61 0
 110 0068 3220     		mov	r0, #50
ARM GAS  C:\Users\jn\AppData\Local\Temp\ccb1sqtA.s 			page 4


 111 006a FFF7FEFF 		bl	CyDelay
  62:main.c        ****     D5_Write(! D5_Read() );
 112              		.loc 1 62 0
 113 006e FFF7FEFF 		bl	D5_Read
 114 0072 031C     		mov	r3, r0
 115 0074 5A42     		neg	r2, r3
 116 0076 5341     		adc	r3, r3, r2
 117 0078 DBB2     		uxtb	r3, r3
 118 007a 181C     		mov	r0, r3
 119 007c FFF7FEFF 		bl	D5_Write
  63:main.c        ****     CyDelay( 50 );
 120              		.loc 1 63 0
 121 0080 3220     		mov	r0, #50
 122 0082 FFF7FEFF 		bl	CyDelay
  64:main.c        ****     D5_Write(! D5_Read() );
 123              		.loc 1 64 0
 124 0086 FFF7FEFF 		bl	D5_Read
 125 008a 031C     		mov	r3, r0
 126 008c 5A42     		neg	r2, r3
 127 008e 5341     		adc	r3, r3, r2
 128 0090 DBB2     		uxtb	r3, r3
 129 0092 181C     		mov	r0, r3
 130 0094 FFF7FEFF 		bl	D5_Write
  65:main.c        ****     CyDelay( 50 );
 131              		.loc 1 65 0
 132 0098 3220     		mov	r0, #50
 133 009a FFF7FEFF 		bl	CyDelay
  66:main.c        ****     D5_Write(! D5_Read() );
 134              		.loc 1 66 0
 135 009e FFF7FEFF 		bl	D5_Read
 136 00a2 031C     		mov	r3, r0
 137 00a4 5A42     		neg	r2, r3
 138 00a6 5341     		adc	r3, r3, r2
 139 00a8 DBB2     		uxtb	r3, r3
 140 00aa 181C     		mov	r0, r3
 141 00ac FFF7FEFF 		bl	D5_Write
  67:main.c        ****     CyDelay( 50 );
 142              		.loc 1 67 0
 143 00b0 3220     		mov	r0, #50
 144 00b2 FFF7FEFF 		bl	CyDelay
  68:main.c        ****     D5_Write(! D5_Read() );
 145              		.loc 1 68 0
 146 00b6 FFF7FEFF 		bl	D5_Read
 147 00ba 031C     		mov	r3, r0
 148 00bc 5A42     		neg	r2, r3
 149 00be 5341     		adc	r3, r3, r2
 150 00c0 DBB2     		uxtb	r3, r3
 151 00c2 181C     		mov	r0, r3
 152 00c4 FFF7FEFF 		bl	D5_Write
  69:main.c        ****     CyDelay( 50 );
 153              		.loc 1 69 0
 154 00c8 3220     		mov	r0, #50
 155 00ca FFF7FEFF 		bl	CyDelay
  70:main.c        ****     D4_Write(! D4_Read() );
 156              		.loc 1 70 0
 157 00ce FFF7FEFF 		bl	D4_Read
 158 00d2 031C     		mov	r3, r0
ARM GAS  C:\Users\jn\AppData\Local\Temp\ccb1sqtA.s 			page 5


 159 00d4 5A42     		neg	r2, r3
 160 00d6 5341     		adc	r3, r3, r2
 161 00d8 DBB2     		uxtb	r3, r3
 162 00da 181C     		mov	r0, r3
 163 00dc FFF7FEFF 		bl	D4_Write
  71:main.c        ****     CyDelay( 50 );
 164              		.loc 1 71 0
 165 00e0 3220     		mov	r0, #50
 166 00e2 FFF7FEFF 		bl	CyDelay
  72:main.c        ****     D4_Write(! D4_Read() );
 167              		.loc 1 72 0
 168 00e6 FFF7FEFF 		bl	D4_Read
 169 00ea 031C     		mov	r3, r0
 170 00ec 5A42     		neg	r2, r3
 171 00ee 5341     		adc	r3, r3, r2
 172 00f0 DBB2     		uxtb	r3, r3
 173 00f2 181C     		mov	r0, r3
 174 00f4 FFF7FEFF 		bl	D4_Write
  73:main.c        ****     CyDelay( 50 );
 175              		.loc 1 73 0
 176 00f8 3220     		mov	r0, #50
 177 00fa FFF7FEFF 		bl	CyDelay
  74:main.c        ****     D3_Write(! D3_Read() );
 178              		.loc 1 74 0
 179 00fe FFF7FEFF 		bl	D3_Read
 180 0102 031C     		mov	r3, r0
 181 0104 5A42     		neg	r2, r3
 182 0106 5341     		adc	r3, r3, r2
 183 0108 DBB2     		uxtb	r3, r3
 184 010a 181C     		mov	r0, r3
 185 010c FFF7FEFF 		bl	D3_Write
  75:main.c        ****     CyDelay( 50 );
 186              		.loc 1 75 0
 187 0110 3220     		mov	r0, #50
 188 0112 FFF7FEFF 		bl	CyDelay
  76:main.c        ****     D3_Write(! D3_Read() );
 189              		.loc 1 76 0
 190 0116 FFF7FEFF 		bl	D3_Read
 191 011a 031C     		mov	r3, r0
 192 011c 5A42     		neg	r2, r3
 193 011e 5341     		adc	r3, r3, r2
 194 0120 DBB2     		uxtb	r3, r3
 195 0122 181C     		mov	r0, r3
 196 0124 FFF7FEFF 		bl	D3_Write
  77:main.c        ****     CyDelay( 50 );
 197              		.loc 1 77 0
 198 0128 3220     		mov	r0, #50
 199 012a FFF7FEFF 		bl	CyDelay
  78:main.c        ****     
  79:main.c        ****     
  80:main.c        ****     
  81:main.c        **** 	/* Start the components */
  82:main.c        **** //    PWM_Start();                //Start PWM
  83:main.c        **** //    PWM_1_Start();              //Start PWM_1
  84:main.c        ****     ADC_Start();                //Starts the ADC
 200              		.loc 1 84 0
 201 012e FFF7FEFF 		bl	ADC_Start
ARM GAS  C:\Users\jn\AppData\Local\Temp\ccb1sqtA.s 			page 6


  85:main.c        ****     ADC_StartConvert();         //ADC runs in "free running mode"
 202              		.loc 1 85 0
 203 0132 FFF7FEFF 		bl	ADC_StartConvert
 204              	.L12:
  86:main.c        ****     int PotVal;                 //analog value from ADC
  87:main.c        ****     
  88:main.c        ****     for(;;)
  89:main.c        ****     {
  90:main.c        ****         CyDelay(50);
 205              		.loc 1 90 0
 206 0136 3220     		mov	r0, #50
 207 0138 FFF7FEFF 		bl	CyDelay
  91:main.c        ****         PotVal = ADC_GetResult16(0);            //Get analog value from channel 0
 208              		.loc 1 91 0
 209 013c 0020     		mov	r0, #0
 210 013e FFF7FEFF 		bl	ADC_GetResult16
 211 0142 031C     		mov	r3, r0
 212 0144 7B60     		str	r3, [r7, #4]
  92:main.c        ****         CyDelay(50);
 213              		.loc 1 92 0
 214 0146 3220     		mov	r0, #50
 215 0148 FFF7FEFF 		bl	CyDelay
  93:main.c        ****         if (PotVal > 1700) {
 216              		.loc 1 93 0
 217 014c 7B68     		ldr	r3, [r7, #4]
 218 014e 624A     		ldr	r2, .L13
 219 0150 9342     		cmp	r3, r2
 220 0152 44DD     		ble	.L3
  94:main.c        ****             D3_Write(1);
 221              		.loc 1 94 0
 222 0154 0120     		mov	r0, #1
 223 0156 FFF7FEFF 		bl	D3_Write
  95:main.c        ****             D4_Write(1);
 224              		.loc 1 95 0
 225 015a 0120     		mov	r0, #1
 226 015c FFF7FEFF 		bl	D4_Write
  96:main.c        ****             D5_Write(1);
 227              		.loc 1 96 0
 228 0160 0120     		mov	r0, #1
 229 0162 FFF7FEFF 		bl	D5_Write
  97:main.c        ****             S0_Write(0);
 230              		.loc 1 97 0
 231 0166 0020     		mov	r0, #0
 232 0168 FFF7FEFF 		bl	S0_Write
  98:main.c        ****             S1_Write(1);
 233              		.loc 1 98 0
 234 016c 0120     		mov	r0, #1
 235 016e FFF7FEFF 		bl	S1_Write
  99:main.c        ****             S2_Write(1);
 236              		.loc 1 99 0
 237 0172 0120     		mov	r0, #1
 238 0174 FFF7FEFF 		bl	S2_Write
 100:main.c        ****             CyDelay(100);                
 239              		.loc 1 100 0
 240 0178 6420     		mov	r0, #100
 241 017a FFF7FEFF 		bl	CyDelay
 101:main.c        **** //            PWM_WritePeriod(200);
ARM GAS  C:\Users\jn\AppData\Local\Temp\ccb1sqtA.s 			page 7


 102:main.c        **** //            PWM_WriteCompare(100);
 103:main.c        ****             LED_GREEN_Write(0);
 242              		.loc 1 103 0
 243 017e 0020     		mov	r0, #0
 244 0180 FFF7FEFF 		bl	LED_GREEN_Write
 104:main.c        ****             CyDelay(250);
 245              		.loc 1 104 0
 246 0184 FA20     		mov	r0, #250
 247 0186 FFF7FEFF 		bl	CyDelay
 105:main.c        ****             LED_GREEN_Write(1);
 248              		.loc 1 105 0
 249 018a 0120     		mov	r0, #1
 250 018c FFF7FEFF 		bl	LED_GREEN_Write
 106:main.c        ****             CyDelay(250);
 251              		.loc 1 106 0
 252 0190 FA20     		mov	r0, #250
 253 0192 FFF7FEFF 		bl	CyDelay
 107:main.c        ****             LED_GREEN_Write(0);
 254              		.loc 1 107 0
 255 0196 0020     		mov	r0, #0
 256 0198 FFF7FEFF 		bl	LED_GREEN_Write
 108:main.c        ****             CyDelay(250);
 257              		.loc 1 108 0
 258 019c FA20     		mov	r0, #250
 259 019e FFF7FEFF 		bl	CyDelay
 109:main.c        ****             LED_GREEN_Write(1);
 260              		.loc 1 109 0
 261 01a2 0120     		mov	r0, #1
 262 01a4 FFF7FEFF 		bl	LED_GREEN_Write
 110:main.c        ****             CyDelay(250);
 263              		.loc 1 110 0
 264 01a8 FA20     		mov	r0, #250
 265 01aa FFF7FEFF 		bl	CyDelay
 111:main.c        ****             LED_GREEN_Write(0);
 266              		.loc 1 111 0
 267 01ae 0020     		mov	r0, #0
 268 01b0 FFF7FEFF 		bl	LED_GREEN_Write
 112:main.c        ****             CyDelay(250);
 269              		.loc 1 112 0
 270 01b4 FA20     		mov	r0, #250
 271 01b6 FFF7FEFF 		bl	CyDelay
 113:main.c        ****             LED_GREEN_Write(1);
 272              		.loc 1 113 0
 273 01ba 0120     		mov	r0, #1
 274 01bc FFF7FEFF 		bl	LED_GREEN_Write
 114:main.c        ****             while(PotVal > 1700){
 275              		.loc 1 114 0
 276 01c0 09E0     		b	.L4
 277              	.L5:
 115:main.c        ****                 PotVal = ADC_GetResult16(0);
 278              		.loc 1 115 0
 279 01c2 0020     		mov	r0, #0
 280 01c4 FFF7FEFF 		bl	ADC_GetResult16
 281 01c8 031C     		mov	r3, r0
 282 01ca 7B60     		str	r3, [r7, #4]
 116:main.c        ****                 CyDelay(500);
 283              		.loc 1 116 0
ARM GAS  C:\Users\jn\AppData\Local\Temp\ccb1sqtA.s 			page 8


 284 01cc FA23     		mov	r3, #250
 285 01ce 5B00     		lsl	r3, r3, #1
 286 01d0 181C     		mov	r0, r3
 287 01d2 FFF7FEFF 		bl	CyDelay
 288              	.L4:
 114:main.c        ****             while(PotVal > 1700){
 289              		.loc 1 114 0
 290 01d6 7B68     		ldr	r3, [r7, #4]
 291 01d8 3F4A     		ldr	r2, .L13
 292 01da 9342     		cmp	r3, r2
 293 01dc F1DC     		bgt	.L5
 294              	.L3:
 117:main.c        ****             }
 118:main.c        ****         }
 119:main.c        ****         if (PotVal > 800 && PotVal < 1699) {
 295              		.loc 1 119 0
 296 01de 7A68     		ldr	r2, [r7, #4]
 297 01e0 C823     		mov	r3, #200
 298 01e2 9B00     		lsl	r3, r3, #2
 299 01e4 9A42     		cmp	r2, r3
 300 01e6 43DD     		ble	.L6
 301              		.loc 1 119 0 is_stmt 0 discriminator 1
 302 01e8 7B68     		ldr	r3, [r7, #4]
 303 01ea 3C4A     		ldr	r2, .L13+4
 304 01ec 9342     		cmp	r3, r2
 305 01ee 3FDC     		bgt	.L6
 120:main.c        ****             D3_Write(1);
 306              		.loc 1 120 0 is_stmt 1
 307 01f0 0120     		mov	r0, #1
 308 01f2 FFF7FEFF 		bl	D3_Write
 121:main.c        ****             D4_Write(1);
 309              		.loc 1 121 0
 310 01f6 0120     		mov	r0, #1
 311 01f8 FFF7FEFF 		bl	D4_Write
 122:main.c        ****             D5_Write(0);
 312              		.loc 1 122 0
 313 01fc 0020     		mov	r0, #0
 314 01fe FFF7FEFF 		bl	D5_Write
 123:main.c        ****             S0_Write(1);     
 315              		.loc 1 123 0
 316 0202 0120     		mov	r0, #1
 317 0204 FFF7FEFF 		bl	S0_Write
 124:main.c        ****             S1_Write(0);
 318              		.loc 1 124 0
 319 0208 0020     		mov	r0, #0
 320 020a FFF7FEFF 		bl	S1_Write
 125:main.c        ****             S2_Write(0);
 321              		.loc 1 125 0
 322 020e 0020     		mov	r0, #0
 323 0210 FFF7FEFF 		bl	S2_Write
 126:main.c        ****             CyDelay(100);
 324              		.loc 1 126 0
 325 0214 6420     		mov	r0, #100
 326 0216 FFF7FEFF 		bl	CyDelay
 127:main.c        **** //            PWM_WritePeriod(240);
 128:main.c        **** //            PWM_WriteCompare(120);
 129:main.c        ****             LED_GREEN_Write(0);
ARM GAS  C:\Users\jn\AppData\Local\Temp\ccb1sqtA.s 			page 9


 327              		.loc 1 129 0
 328 021a 0020     		mov	r0, #0
 329 021c FFF7FEFF 		bl	LED_GREEN_Write
 130:main.c        ****             CyDelay(250);
 330              		.loc 1 130 0
 331 0220 FA20     		mov	r0, #250
 332 0222 FFF7FEFF 		bl	CyDelay
 131:main.c        ****             LED_GREEN_Write(1);
 333              		.loc 1 131 0
 334 0226 0120     		mov	r0, #1
 335 0228 FFF7FEFF 		bl	LED_GREEN_Write
 132:main.c        ****             CyDelay(250);
 336              		.loc 1 132 0
 337 022c FA20     		mov	r0, #250
 338 022e FFF7FEFF 		bl	CyDelay
 133:main.c        ****             LED_GREEN_Write(0);
 339              		.loc 1 133 0
 340 0232 0020     		mov	r0, #0
 341 0234 FFF7FEFF 		bl	LED_GREEN_Write
 134:main.c        ****             CyDelay(250);
 342              		.loc 1 134 0
 343 0238 FA20     		mov	r0, #250
 344 023a FFF7FEFF 		bl	CyDelay
 135:main.c        ****             LED_GREEN_Write(1);
 345              		.loc 1 135 0
 346 023e 0120     		mov	r0, #1
 347 0240 FFF7FEFF 		bl	LED_GREEN_Write
 136:main.c        ****             CyDelay(250);
 348              		.loc 1 136 0
 349 0244 FA20     		mov	r0, #250
 350 0246 FFF7FEFF 		bl	CyDelay
 137:main.c        ****             while(PotVal > 800 && PotVal < 1699) {
 351              		.loc 1 137 0
 352 024a 08E0     		b	.L7
 353              	.L8:
 138:main.c        ****                 PotVal = ADC_GetResult16(0);
 354              		.loc 1 138 0
 355 024c 0020     		mov	r0, #0
 356 024e FFF7FEFF 		bl	ADC_GetResult16
 357 0252 031C     		mov	r3, r0
 358 0254 7B60     		str	r3, [r7, #4]
 139:main.c        ****                 CyDelay(550);
 359              		.loc 1 139 0
 360 0256 224B     		ldr	r3, .L13+8
 361 0258 181C     		mov	r0, r3
 362 025a FFF7FEFF 		bl	CyDelay
 363              	.L7:
 137:main.c        ****             while(PotVal > 800 && PotVal < 1699) {
 364              		.loc 1 137 0
 365 025e 7A68     		ldr	r2, [r7, #4]
 366 0260 C823     		mov	r3, #200
 367 0262 9B00     		lsl	r3, r3, #2
 368 0264 9A42     		cmp	r2, r3
 369 0266 03DD     		ble	.L6
 137:main.c        ****             while(PotVal > 800 && PotVal < 1699) {
 370              		.loc 1 137 0 is_stmt 0 discriminator 1
 371 0268 7B68     		ldr	r3, [r7, #4]
ARM GAS  C:\Users\jn\AppData\Local\Temp\ccb1sqtA.s 			page 10


 372 026a 1C4A     		ldr	r2, .L13+4
 373 026c 9342     		cmp	r3, r2
 374 026e EDDD     		ble	.L8
 375              	.L6:
 140:main.c        ****             }
 141:main.c        ****         }
 142:main.c        ****         if (PotVal < 799){
 376              		.loc 1 142 0 is_stmt 1
 377 0270 7B68     		ldr	r3, [r7, #4]
 378 0272 1C4A     		ldr	r2, .L13+12
 379 0274 9342     		cmp	r3, r2
 380 0276 2EDC     		bgt	.L9
 143:main.c        ****             D3_Write(1);
 381              		.loc 1 143 0
 382 0278 0120     		mov	r0, #1
 383 027a FFF7FEFF 		bl	D3_Write
 144:main.c        ****             D4_Write(0);
 384              		.loc 1 144 0
 385 027e 0020     		mov	r0, #0
 386 0280 FFF7FEFF 		bl	D4_Write
 145:main.c        ****             D5_Write(0);
 387              		.loc 1 145 0
 388 0284 0020     		mov	r0, #0
 389 0286 FFF7FEFF 		bl	D5_Write
 146:main.c        ****             S0_Write(0);     
 390              		.loc 1 146 0
 391 028a 0020     		mov	r0, #0
 392 028c FFF7FEFF 		bl	S0_Write
 147:main.c        ****             S1_Write(0);
 393              		.loc 1 147 0
 394 0290 0020     		mov	r0, #0
 395 0292 FFF7FEFF 		bl	S1_Write
 148:main.c        ****             S2_Write(0);
 396              		.loc 1 148 0
 397 0296 0020     		mov	r0, #0
 398 0298 FFF7FEFF 		bl	S2_Write
 149:main.c        ****             CyDelay(100);
 399              		.loc 1 149 0
 400 029c 6420     		mov	r0, #100
 401 029e FFF7FEFF 		bl	CyDelay
 150:main.c        **** //            PWM_WritePeriod(300);
 151:main.c        **** //            PWM_WriteCompare(199);
 152:main.c        ****             LED_GREEN_Write(0);
 402              		.loc 1 152 0
 403 02a2 0020     		mov	r0, #0
 404 02a4 FFF7FEFF 		bl	LED_GREEN_Write
 153:main.c        ****             CyDelay(250);
 405              		.loc 1 153 0
 406 02a8 FA20     		mov	r0, #250
 407 02aa FFF7FEFF 		bl	CyDelay
 154:main.c        ****             LED_GREEN_Write(1);
 408              		.loc 1 154 0
 409 02ae 0120     		mov	r0, #1
 410 02b0 FFF7FEFF 		bl	LED_GREEN_Write
 155:main.c        ****             CyDelay(250);
 411              		.loc 1 155 0
 412 02b4 FA20     		mov	r0, #250
ARM GAS  C:\Users\jn\AppData\Local\Temp\ccb1sqtA.s 			page 11


 413 02b6 FFF7FEFF 		bl	CyDelay
 156:main.c        ****             while(PotVal < 799){
 414              		.loc 1 156 0
 415 02ba 08E0     		b	.L10
 416              	.L11:
 157:main.c        ****                 PotVal = ADC_GetResult16(0);
 417              		.loc 1 157 0
 418 02bc 0020     		mov	r0, #0
 419 02be FFF7FEFF 		bl	ADC_GetResult16
 420 02c2 031C     		mov	r3, r0
 421 02c4 7B60     		str	r3, [r7, #4]
 158:main.c        ****                 CyDelay(550);
 422              		.loc 1 158 0
 423 02c6 064B     		ldr	r3, .L13+8
 424 02c8 181C     		mov	r0, r3
 425 02ca FFF7FEFF 		bl	CyDelay
 426              	.L10:
 156:main.c        ****             while(PotVal < 799){
 427              		.loc 1 156 0
 428 02ce 7B68     		ldr	r3, [r7, #4]
 429 02d0 044A     		ldr	r2, .L13+12
 430 02d2 9342     		cmp	r3, r2
 431 02d4 F2DD     		ble	.L11
 432              	.L9:
 159:main.c        ****         }
 160:main.c        ****         }
 161:main.c        ****         
 162:main.c        ****     }
 433              		.loc 1 162 0
 434 02d6 2EE7     		b	.L12
 435              	.L14:
 436              		.align	2
 437              	.L13:
 438 02d8 A4060000 		.word	1700
 439 02dc A2060000 		.word	1698
 440 02e0 26020000 		.word	550
 441 02e4 1E030000 		.word	798
 442              		.cfi_endproc
 443              	.LFE35:
 444              		.size	main, .-main
 445              		.text
 446              	.Letext0:
 447              		.file 2 "Generated_Source\\PSoC4/cytypes.h"
 448              		.section	.debug_info,"",%progbits
 449              	.Ldebug_info0:
 450 0000 DA000000 		.4byte	0xda
 451 0004 0400     		.2byte	0x4
 452 0006 00000000 		.4byte	.Ldebug_abbrev0
 453 000a 04       		.byte	0x4
 454 000b 01       		.uleb128 0x1
 455 000c 0E000000 		.4byte	.LASF13
 456 0010 01       		.byte	0x1
 457 0011 A9000000 		.4byte	.LASF14
 458 0015 27010000 		.4byte	.LASF15
 459 0019 00000000 		.4byte	.Ldebug_ranges0+0
 460 001d 00000000 		.4byte	0
 461 0021 00000000 		.4byte	.Ldebug_line0
ARM GAS  C:\Users\jn\AppData\Local\Temp\ccb1sqtA.s 			page 12


 462 0025 02       		.uleb128 0x2
 463 0026 01       		.byte	0x1
 464 0027 06       		.byte	0x6
 465 0028 1B010000 		.4byte	.LASF0
 466 002c 02       		.uleb128 0x2
 467 002d 01       		.byte	0x1
 468 002e 08       		.byte	0x8
 469 002f E5000000 		.4byte	.LASF1
 470 0033 02       		.uleb128 0x2
 471 0034 02       		.byte	0x2
 472 0035 05       		.byte	0x5
 473 0036 74010000 		.4byte	.LASF2
 474 003a 02       		.uleb128 0x2
 475 003b 02       		.byte	0x2
 476 003c 07       		.byte	0x7
 477 003d 08010000 		.4byte	.LASF3
 478 0041 02       		.uleb128 0x2
 479 0042 04       		.byte	0x4
 480 0043 05       		.byte	0x5
 481 0044 F8000000 		.4byte	.LASF4
 482 0048 02       		.uleb128 0x2
 483 0049 04       		.byte	0x4
 484 004a 07       		.byte	0x7
 485 004b BC000000 		.4byte	.LASF5
 486 004f 02       		.uleb128 0x2
 487 0050 08       		.byte	0x8
 488 0051 05       		.byte	0x5
 489 0052 00000000 		.4byte	.LASF6
 490 0056 02       		.uleb128 0x2
 491 0057 08       		.byte	0x8
 492 0058 07       		.byte	0x7
 493 0059 CE000000 		.4byte	.LASF7
 494 005d 03       		.uleb128 0x3
 495 005e 04       		.byte	0x4
 496 005f 05       		.byte	0x5
 497 0060 696E7400 		.ascii	"int\000"
 498 0064 02       		.uleb128 0x2
 499 0065 04       		.byte	0x4
 500 0066 07       		.byte	0x7
 501 0067 9C000000 		.4byte	.LASF8
 502 006b 04       		.uleb128 0x4
 503 006c 7E010000 		.4byte	.LASF16
 504 0070 02       		.byte	0x2
 505 0071 BA01     		.2byte	0x1ba
 506 0073 3A000000 		.4byte	0x3a
 507 0077 02       		.uleb128 0x2
 508 0078 04       		.byte	0x4
 509 0079 04       		.byte	0x4
 510 007a 6E010000 		.4byte	.LASF9
 511 007e 02       		.uleb128 0x2
 512 007f 08       		.byte	0x8
 513 0080 04       		.byte	0x4
 514 0081 01010000 		.4byte	.LASF10
 515 0085 02       		.uleb128 0x2
 516 0086 01       		.byte	0x1
 517 0087 08       		.byte	0x8
 518 0088 F3000000 		.4byte	.LASF11
ARM GAS  C:\Users\jn\AppData\Local\Temp\ccb1sqtA.s 			page 13


 519 008c 02       		.uleb128 0x2
 520 008d 04       		.byte	0x4
 521 008e 07       		.byte	0x7
 522 008f 9D010000 		.4byte	.LASF12
 523 0093 05       		.uleb128 0x5
 524 0094 8C010000 		.4byte	.LASF17
 525 0098 01       		.byte	0x1
 526 0099 1F       		.byte	0x1f
 527 009a 00000000 		.4byte	.LFB34
 528 009e 08000000 		.4byte	.LFE34-.LFB34
 529 00a2 01       		.uleb128 0x1
 530 00a3 9C       		.byte	0x9c
 531 00a4 06       		.uleb128 0x6
 532 00a5 B7000000 		.4byte	.LASF18
 533 00a9 01       		.byte	0x1
 534 00aa 28       		.byte	0x28
 535 00ab 5D000000 		.4byte	0x5d
 536 00af 00000000 		.4byte	.LFB35
 537 00b3 E8020000 		.4byte	.LFE35-.LFB35
 538 00b7 01       		.uleb128 0x1
 539 00b8 9C       		.byte	0x9c
 540 00b9 CC000000 		.4byte	0xcc
 541 00bd 07       		.uleb128 0x7
 542 00be B0000000 		.4byte	.LASF19
 543 00c2 01       		.byte	0x1
 544 00c3 56       		.byte	0x56
 545 00c4 5D000000 		.4byte	0x5d
 546 00c8 02       		.uleb128 0x2
 547 00c9 91       		.byte	0x91
 548 00ca 74       		.sleb128 -12
 549 00cb 00       		.byte	0
 550 00cc 08       		.uleb128 0x8
 551 00cd 85010000 		.4byte	.LASF20
 552 00d1 01       		.byte	0x1
 553 00d2 19       		.byte	0x19
 554 00d3 6B000000 		.4byte	0x6b
 555 00d7 05       		.uleb128 0x5
 556 00d8 03       		.byte	0x3
 557 00d9 00000000 		.4byte	curPos
 558 00dd 00       		.byte	0
 559              		.section	.debug_abbrev,"",%progbits
 560              	.Ldebug_abbrev0:
 561 0000 01       		.uleb128 0x1
 562 0001 11       		.uleb128 0x11
 563 0002 01       		.byte	0x1
 564 0003 25       		.uleb128 0x25
 565 0004 0E       		.uleb128 0xe
 566 0005 13       		.uleb128 0x13
 567 0006 0B       		.uleb128 0xb
 568 0007 03       		.uleb128 0x3
 569 0008 0E       		.uleb128 0xe
 570 0009 1B       		.uleb128 0x1b
 571 000a 0E       		.uleb128 0xe
 572 000b 55       		.uleb128 0x55
 573 000c 17       		.uleb128 0x17
 574 000d 11       		.uleb128 0x11
 575 000e 01       		.uleb128 0x1
ARM GAS  C:\Users\jn\AppData\Local\Temp\ccb1sqtA.s 			page 14


 576 000f 10       		.uleb128 0x10
 577 0010 17       		.uleb128 0x17
 578 0011 00       		.byte	0
 579 0012 00       		.byte	0
 580 0013 02       		.uleb128 0x2
 581 0014 24       		.uleb128 0x24
 582 0015 00       		.byte	0
 583 0016 0B       		.uleb128 0xb
 584 0017 0B       		.uleb128 0xb
 585 0018 3E       		.uleb128 0x3e
 586 0019 0B       		.uleb128 0xb
 587 001a 03       		.uleb128 0x3
 588 001b 0E       		.uleb128 0xe
 589 001c 00       		.byte	0
 590 001d 00       		.byte	0
 591 001e 03       		.uleb128 0x3
 592 001f 24       		.uleb128 0x24
 593 0020 00       		.byte	0
 594 0021 0B       		.uleb128 0xb
 595 0022 0B       		.uleb128 0xb
 596 0023 3E       		.uleb128 0x3e
 597 0024 0B       		.uleb128 0xb
 598 0025 03       		.uleb128 0x3
 599 0026 08       		.uleb128 0x8
 600 0027 00       		.byte	0
 601 0028 00       		.byte	0
 602 0029 04       		.uleb128 0x4
 603 002a 16       		.uleb128 0x16
 604 002b 00       		.byte	0
 605 002c 03       		.uleb128 0x3
 606 002d 0E       		.uleb128 0xe
 607 002e 3A       		.uleb128 0x3a
 608 002f 0B       		.uleb128 0xb
 609 0030 3B       		.uleb128 0x3b
 610 0031 05       		.uleb128 0x5
 611 0032 49       		.uleb128 0x49
 612 0033 13       		.uleb128 0x13
 613 0034 00       		.byte	0
 614 0035 00       		.byte	0
 615 0036 05       		.uleb128 0x5
 616 0037 2E       		.uleb128 0x2e
 617 0038 00       		.byte	0
 618 0039 3F       		.uleb128 0x3f
 619 003a 19       		.uleb128 0x19
 620 003b 03       		.uleb128 0x3
 621 003c 0E       		.uleb128 0xe
 622 003d 3A       		.uleb128 0x3a
 623 003e 0B       		.uleb128 0xb
 624 003f 3B       		.uleb128 0x3b
 625 0040 0B       		.uleb128 0xb
 626 0041 27       		.uleb128 0x27
 627 0042 19       		.uleb128 0x19
 628 0043 11       		.uleb128 0x11
 629 0044 01       		.uleb128 0x1
 630 0045 12       		.uleb128 0x12
 631 0046 06       		.uleb128 0x6
 632 0047 40       		.uleb128 0x40
ARM GAS  C:\Users\jn\AppData\Local\Temp\ccb1sqtA.s 			page 15


 633 0048 18       		.uleb128 0x18
 634 0049 9742     		.uleb128 0x2117
 635 004b 19       		.uleb128 0x19
 636 004c 00       		.byte	0
 637 004d 00       		.byte	0
 638 004e 06       		.uleb128 0x6
 639 004f 2E       		.uleb128 0x2e
 640 0050 01       		.byte	0x1
 641 0051 3F       		.uleb128 0x3f
 642 0052 19       		.uleb128 0x19
 643 0053 03       		.uleb128 0x3
 644 0054 0E       		.uleb128 0xe
 645 0055 3A       		.uleb128 0x3a
 646 0056 0B       		.uleb128 0xb
 647 0057 3B       		.uleb128 0x3b
 648 0058 0B       		.uleb128 0xb
 649 0059 49       		.uleb128 0x49
 650 005a 13       		.uleb128 0x13
 651 005b 11       		.uleb128 0x11
 652 005c 01       		.uleb128 0x1
 653 005d 12       		.uleb128 0x12
 654 005e 06       		.uleb128 0x6
 655 005f 40       		.uleb128 0x40
 656 0060 18       		.uleb128 0x18
 657 0061 9642     		.uleb128 0x2116
 658 0063 19       		.uleb128 0x19
 659 0064 01       		.uleb128 0x1
 660 0065 13       		.uleb128 0x13
 661 0066 00       		.byte	0
 662 0067 00       		.byte	0
 663 0068 07       		.uleb128 0x7
 664 0069 34       		.uleb128 0x34
 665 006a 00       		.byte	0
 666 006b 03       		.uleb128 0x3
 667 006c 0E       		.uleb128 0xe
 668 006d 3A       		.uleb128 0x3a
 669 006e 0B       		.uleb128 0xb
 670 006f 3B       		.uleb128 0x3b
 671 0070 0B       		.uleb128 0xb
 672 0071 49       		.uleb128 0x49
 673 0072 13       		.uleb128 0x13
 674 0073 02       		.uleb128 0x2
 675 0074 18       		.uleb128 0x18
 676 0075 00       		.byte	0
 677 0076 00       		.byte	0
 678 0077 08       		.uleb128 0x8
 679 0078 34       		.uleb128 0x34
 680 0079 00       		.byte	0
 681 007a 03       		.uleb128 0x3
 682 007b 0E       		.uleb128 0xe
 683 007c 3A       		.uleb128 0x3a
 684 007d 0B       		.uleb128 0xb
 685 007e 3B       		.uleb128 0x3b
 686 007f 0B       		.uleb128 0xb
 687 0080 49       		.uleb128 0x49
 688 0081 13       		.uleb128 0x13
 689 0082 3F       		.uleb128 0x3f
ARM GAS  C:\Users\jn\AppData\Local\Temp\ccb1sqtA.s 			page 16


 690 0083 19       		.uleb128 0x19
 691 0084 02       		.uleb128 0x2
 692 0085 18       		.uleb128 0x18
 693 0086 00       		.byte	0
 694 0087 00       		.byte	0
 695 0088 00       		.byte	0
 696              		.section	.debug_aranges,"",%progbits
 697 0000 24000000 		.4byte	0x24
 698 0004 0200     		.2byte	0x2
 699 0006 00000000 		.4byte	.Ldebug_info0
 700 000a 04       		.byte	0x4
 701 000b 00       		.byte	0
 702 000c 0000     		.2byte	0
 703 000e 0000     		.2byte	0
 704 0010 00000000 		.4byte	.LFB34
 705 0014 08000000 		.4byte	.LFE34-.LFB34
 706 0018 00000000 		.4byte	.LFB35
 707 001c E8020000 		.4byte	.LFE35-.LFB35
 708 0020 00000000 		.4byte	0
 709 0024 00000000 		.4byte	0
 710              		.section	.debug_ranges,"",%progbits
 711              	.Ldebug_ranges0:
 712 0000 00000000 		.4byte	.LFB34
 713 0004 08000000 		.4byte	.LFE34
 714 0008 00000000 		.4byte	.LFB35
 715 000c E8020000 		.4byte	.LFE35
 716 0010 00000000 		.4byte	0
 717 0014 00000000 		.4byte	0
 718              		.section	.debug_line,"",%progbits
 719              	.Ldebug_line0:
 720 0000 CF000000 		.section	.debug_str,"MS",%progbits,1
 720      02004100 
 720      00000201 
 720      FB0E0D00 
 720      01010101 
 721              	.LASF6:
 722 0000 6C6F6E67 		.ascii	"long long int\000"
 722      206C6F6E 
 722      6720696E 
 722      7400
 723              	.LASF13:
 724 000e 474E5520 		.ascii	"GNU C 4.9.3 20150303 (release) [ARM/embedded-4_9-br"
 724      4320342E 
 724      392E3320 
 724      32303135 
 724      30333033 
 725 0041 616E6368 		.ascii	"anch revision 221220] -mcpu=cortex-m0 -mthumb -g -O"
 725      20726576 
 725      6973696F 
 725      6E203232 
 725      31323230 
 726 0074 30202D66 		.ascii	"0 -ffunction-sections -ffat-lto-objects\000"
 726      66756E63 
 726      74696F6E 
 726      2D736563 
 726      74696F6E 
 727              	.LASF8:
ARM GAS  C:\Users\jn\AppData\Local\Temp\ccb1sqtA.s 			page 17


 728 009c 756E7369 		.ascii	"unsigned int\000"
 728      676E6564 
 728      20696E74 
 728      00
 729              	.LASF14:
 730 00a9 6D61696E 		.ascii	"main.c\000"
 730      2E6300
 731              	.LASF19:
 732 00b0 506F7456 		.ascii	"PotVal\000"
 732      616C00
 733              	.LASF18:
 734 00b7 6D61696E 		.ascii	"main\000"
 734      00
 735              	.LASF5:
 736 00bc 6C6F6E67 		.ascii	"long unsigned int\000"
 736      20756E73 
 736      69676E65 
 736      6420696E 
 736      7400
 737              	.LASF7:
 738 00ce 6C6F6E67 		.ascii	"long long unsigned int\000"
 738      206C6F6E 
 738      6720756E 
 738      7369676E 
 738      65642069 
 739              	.LASF1:
 740 00e5 756E7369 		.ascii	"unsigned char\000"
 740      676E6564 
 740      20636861 
 740      7200
 741              	.LASF11:
 742 00f3 63686172 		.ascii	"char\000"
 742      00
 743              	.LASF4:
 744 00f8 6C6F6E67 		.ascii	"long int\000"
 744      20696E74 
 744      00
 745              	.LASF10:
 746 0101 646F7562 		.ascii	"double\000"
 746      6C6500
 747              	.LASF3:
 748 0108 73686F72 		.ascii	"short unsigned int\000"
 748      7420756E 
 748      7369676E 
 748      65642069 
 748      6E7400
 749              	.LASF0:
 750 011b 7369676E 		.ascii	"signed char\000"
 750      65642063 
 750      68617200 
 751              	.LASF15:
 752 0127 5A3A5C45 		.ascii	"Z:\\Electronics Win7\\PSoC projects\\FV-1 Controlle"
 752      6C656374 
 752      726F6E69 
 752      63732057 
 752      696E375C 
 753 0157 725C6676 		.ascii	"r\\fv1_controller.cydsn\000"
ARM GAS  C:\Users\jn\AppData\Local\Temp\ccb1sqtA.s 			page 18


 753      315F636F 
 753      6E74726F 
 753      6C6C6572 
 753      2E637964 
 754              	.LASF9:
 755 016e 666C6F61 		.ascii	"float\000"
 755      7400
 756              	.LASF2:
 757 0174 73686F72 		.ascii	"short int\000"
 757      7420696E 
 757      7400
 758              	.LASF16:
 759 017e 75696E74 		.ascii	"uint16\000"
 759      313600
 760              	.LASF20:
 761 0185 63757250 		.ascii	"curPos\000"
 761      6F7300
 762              	.LASF17:
 763 018c 496E7465 		.ascii	"InterruptHandler\000"
 763      72727570 
 763      7448616E 
 763      646C6572 
 763      00
 764              	.LASF12:
 765 019d 73697A65 		.ascii	"sizetype\000"
 765      74797065 
 765      00
 766              		.ident	"GCC: (GNU Tools for ARM Embedded Processors) 4.9.3 20150303 (release) [ARM/embedded-4_9-br
